[32m[I 2025-05-27 00:46:57,911][0m A new study created in memory with name: no-name-ad2f895e-3bfc-4d8f-b888-8fb735e610d3[0m
C:\Users\PC\anaconda3\envs\smoker-ml\lib\site-packages\xgboost\sklearn.py:889: UserWarning: `eval_metric` in `fit` method is deprecated for better compatibility with scikit-learn, use `eval_metric` in constructor or`set_params` instead.
  warnings.warn(
C:\Users\PC\anaconda3\envs\smoker-ml\lib\site-packages\xgboost\sklearn.py:889: UserWarning: `early_stopping_rounds` in `fit` method is deprecated for better compatibility with scikit-learn, use `early_stopping_rounds` in constructor or`set_params` instead.
  warnings.warn(
C:\Users\PC\anaconda3\envs\smoker-ml\lib\site-packages\xgboost\sklearn.py:889: UserWarning: `eval_metric` in `fit` method is deprecated for better compatibility with scikit-learn, use `eval_metric` in constructor or`set_params` instead.
  warnings.warn(
C:\Users\PC\anaconda3\envs\smoker-ml\lib\site-packages\xgboost\sklearn.py:889: UserWarning: `early_stopping_rounds` in `fit` method is deprecated for better compatibility with scikit-learn, use `early_stopping_rounds` in constructor or`set_params` instead.
  warnings.warn(
C:\Users\PC\anaconda3\envs\smoker-ml\lib\site-packages\xgboost\sklearn.py:889: UserWarning: `eval_metric` in `fit` method is deprecated for better compatibility with scikit-learn, use `eval_metric` in constructor or`set_params` instead.
  warnings.warn(
C:\Users\PC\anaconda3\envs\smoker-ml\lib\site-packages\xgboost\sklearn.py:889: UserWarning: `early_stopping_rounds` in `fit` method is deprecated for better compatibility with scikit-learn, use `early_stopping_rounds` in constructor or`set_params` instead.
  warnings.warn(
[32m[I 2025-05-27 00:47:36,330][0m Trial 0 finished with value: 0.8685165890273098 and parameters: {'n_estimators': 641, 'learning_rate': 0.02622884265780418, 'max_depth': 9, 'subsample': 0.9849912802839784, 'colsample_bytree': 0.8805928539211274, 'gamma': 2.7263576869357014, 'min_child_weight': 8}. Best is trial 0 with value: 0.8685165890273098.[0m
C:\Users\PC\anaconda3\envs\smoker-ml\lib\site-packages\xgboost\sklearn.py:889: UserWarning: `eval_metric` in `fit` method is deprecated for better compatibility with scikit-learn, use `eval_metric` in constructor or`set_params` instead.
  warnings.warn(
C:\Users\PC\anaconda3\envs\smoker-ml\lib\site-packages\xgboost\sklearn.py:889: UserWarning: `early_stopping_rounds` in `fit` method is deprecated for better compatibility with scikit-learn, use `early_stopping_rounds` in constructor or`set_params` instead.
  warnings.warn(
C:\Users\PC\anaconda3\envs\smoker-ml\lib\site-packages\xgboost\sklearn.py:889: UserWarning: `eval_metric` in `fit` method is deprecated for better compatibility with scikit-learn, use `eval_metric` in constructor or`set_params` instead.
  warnings.warn(
C:\Users\PC\anaconda3\envs\smoker-ml\lib\site-packages\xgboost\sklearn.py:889: UserWarning: `early_stopping_rounds` in `fit` method is deprecated for better compatibility with scikit-learn, use `early_stopping_rounds` in constructor or`set_params` instead.
  warnings.warn(
C:\Users\PC\anaconda3\envs\smoker-ml\lib\site-packages\xgboost\sklearn.py:889: UserWarning: `eval_metric` in `fit` method is deprecated for better compatibility with scikit-learn, use `eval_metric` in constructor or`set_params` instead.
  warnings.warn(
C:\Users\PC\anaconda3\envs\smoker-ml\lib\site-packages\xgboost\sklearn.py:889: UserWarning: `early_stopping_rounds` in `fit` method is deprecated for better compatibility with scikit-learn, use `early_stopping_rounds` in constructor or`set_params` instead.
  warnings.warn(
[32m[I 2025-05-27 00:48:20,831][0m Trial 1 finished with value: 0.8697749908684601 and parameters: {'n_estimators': 1390, 'learning_rate': 0.07159931084133542, 'max_depth': 9, 'subsample': 0.7129025179146895, 'colsample_bytree': 0.779091795596996, 'gamma': 4.418398413541754, 'min_child_weight': 7}. Best is trial 1 with value: 0.8697749908684601.[0m
C:\Users\PC\anaconda3\envs\smoker-ml\lib\site-packages\xgboost\sklearn.py:889: UserWarning: `eval_metric` in `fit` method is deprecated for better compatibility with scikit-learn, use `eval_metric` in constructor or`set_params` instead.
  warnings.warn(
C:\Users\PC\anaconda3\envs\smoker-ml\lib\site-packages\xgboost\sklearn.py:889: UserWarning: `early_stopping_rounds` in `fit` method is deprecated for better compatibility with scikit-learn, use `early_stopping_rounds` in constructor or`set_params` instead.
  warnings.warn(
C:\Users\PC\anaconda3\envs\smoker-ml\lib\site-packages\xgboost\sklearn.py:889: UserWarning: `eval_metric` in `fit` method is deprecated for better compatibility with scikit-learn, use `eval_metric` in constructor or`set_params` instead.
  warnings.warn(
C:\Users\PC\anaconda3\envs\smoker-ml\lib\site-packages\xgboost\sklearn.py:889: UserWarning: `early_stopping_rounds` in `fit` method is deprecated for better compatibility with scikit-learn, use `early_stopping_rounds` in constructor or`set_params` instead.
  warnings.warn(
C:\Users\PC\anaconda3\envs\smoker-ml\lib\site-packages\xgboost\sklearn.py:889: UserWarning: `eval_metric` in `fit` method is deprecated for better compatibility with scikit-learn, use `eval_metric` in constructor or`set_params` instead.
  warnings.warn(
C:\Users\PC\anaconda3\envs\smoker-ml\lib\site-packages\xgboost\sklearn.py:889: UserWarning: `early_stopping_rounds` in `fit` method is deprecated for better compatibility with scikit-learn, use `early_stopping_rounds` in constructor or`set_params` instead.
  warnings.warn(
[32m[I 2025-05-27 00:49:10,597][0m Trial 2 finished with value: 0.8703503707620902 and parameters: {'n_estimators': 866, 'learning_rate': 0.05747546124144098, 'max_depth': 5, 'subsample': 0.7254470281920573, 'colsample_bytree': 0.7762926442964132, 'gamma': 1.6091937325928214, 'min_child_weight': 2}. Best is trial 2 with value: 0.8703503707620902.[0m
C:\Users\PC\anaconda3\envs\smoker-ml\lib\site-packages\xgboost\sklearn.py:889: UserWarning: `eval_metric` in `fit` method is deprecated for better compatibility with scikit-learn, use `eval_metric` in constructor or`set_params` instead.
  warnings.warn(
C:\Users\PC\anaconda3\envs\smoker-ml\lib\site-packages\xgboost\sklearn.py:889: UserWarning: `early_stopping_rounds` in `fit` method is deprecated for better compatibility with scikit-learn, use `early_stopping_rounds` in constructor or`set_params` instead.
  warnings.warn(
C:\Users\PC\anaconda3\envs\smoker-ml\lib\site-packages\xgboost\sklearn.py:889: UserWarning: `eval_metric` in `fit` method is deprecated for better compatibility with scikit-learn, use `eval_metric` in constructor or`set_params` instead.
  warnings.warn(
C:\Users\PC\anaconda3\envs\smoker-ml\lib\site-packages\xgboost\sklearn.py:889: UserWarning: `early_stopping_rounds` in `fit` method is deprecated for better compatibility with scikit-learn, use `early_stopping_rounds` in constructor or`set_params` instead.
  warnings.warn(
C:\Users\PC\anaconda3\envs\smoker-ml\lib\site-packages\xgboost\sklearn.py:889: UserWarning: `eval_metric` in `fit` method is deprecated for better compatibility with scikit-learn, use `eval_metric` in constructor or`set_params` instead.
  warnings.warn(
C:\Users\PC\anaconda3\envs\smoker-ml\lib\site-packages\xgboost\sklearn.py:889: UserWarning: `early_stopping_rounds` in `fit` method is deprecated for better compatibility with scikit-learn, use `early_stopping_rounds` in constructor or`set_params` instead.
  warnings.warn(
[32m[I 2025-05-27 00:50:08,898][0m Trial 3 finished with value: 0.8693513523986044 and parameters: {'n_estimators': 1895, 'learning_rate': 0.04055593166796441, 'max_depth': 9, 'subsample': 0.9061353498322531, 'colsample_bytree': 0.9879359993382355, 'gamma': 3.5863302764663403, 'min_child_weight': 5}. Best is trial 2 with value: 0.8703503707620902.[0m
C:\Users\PC\anaconda3\envs\smoker-ml\lib\site-packages\xgboost\sklearn.py:889: UserWarning: `eval_metric` in `fit` method is deprecated for better compatibility with scikit-learn, use `eval_metric` in constructor or`set_params` instead.
  warnings.warn(
C:\Users\PC\anaconda3\envs\smoker-ml\lib\site-packages\xgboost\sklearn.py:889: UserWarning: `early_stopping_rounds` in `fit` method is deprecated for better compatibility with scikit-learn, use `early_stopping_rounds` in constructor or`set_params` instead.
  warnings.warn(
C:\Users\PC\anaconda3\envs\smoker-ml\lib\site-packages\xgboost\sklearn.py:889: UserWarning: `eval_metric` in `fit` method is deprecated for better compatibility with scikit-learn, use `eval_metric` in constructor or`set_params` instead.
  warnings.warn(
C:\Users\PC\anaconda3\envs\smoker-ml\lib\site-packages\xgboost\sklearn.py:889: UserWarning: `early_stopping_rounds` in `fit` method is deprecated for better compatibility with scikit-learn, use `early_stopping_rounds` in constructor or`set_params` instead.
  warnings.warn(
C:\Users\PC\anaconda3\envs\smoker-ml\lib\site-packages\xgboost\sklearn.py:889: UserWarning: `eval_metric` in `fit` method is deprecated for better compatibility with scikit-learn, use `eval_metric` in constructor or`set_params` instead.
  warnings.warn(
C:\Users\PC\anaconda3\envs\smoker-ml\lib\site-packages\xgboost\sklearn.py:889: UserWarning: `early_stopping_rounds` in `fit` method is deprecated for better compatibility with scikit-learn, use `early_stopping_rounds` in constructor or`set_params` instead.
  warnings.warn(
[32m[I 2025-05-27 00:50:44,760][0m Trial 4 finished with value: 0.8677224143118952 and parameters: {'n_estimators': 1712, 'learning_rate': 0.09018726498444836, 'max_depth': 9, 'subsample': 0.8861916054850296, 'colsample_bytree': 0.9106689817578205, 'gamma': 4.303186408145251, 'min_child_weight': 5}. Best is trial 2 with value: 0.8703503707620902.[0m
C:\Users\PC\anaconda3\envs\smoker-ml\lib\site-packages\xgboost\sklearn.py:889: UserWarning: `eval_metric` in `fit` method is deprecated for better compatibility with scikit-learn, use `eval_metric` in constructor or`set_params` instead.
  warnings.warn(
C:\Users\PC\anaconda3\envs\smoker-ml\lib\site-packages\xgboost\sklearn.py:889: UserWarning: `early_stopping_rounds` in `fit` method is deprecated for better compatibility with scikit-learn, use `early_stopping_rounds` in constructor or`set_params` instead.
  warnings.warn(
C:\Users\PC\anaconda3\envs\smoker-ml\lib\site-packages\xgboost\sklearn.py:889: UserWarning: `eval_metric` in `fit` method is deprecated for better compatibility with scikit-learn, use `eval_metric` in constructor or`set_params` instead.
  warnings.warn(
C:\Users\PC\anaconda3\envs\smoker-ml\lib\site-packages\xgboost\sklearn.py:889: UserWarning: `early_stopping_rounds` in `fit` method is deprecated for better compatibility with scikit-learn, use `early_stopping_rounds` in constructor or`set_params` instead.
  warnings.warn(
C:\Users\PC\anaconda3\envs\smoker-ml\lib\site-packages\xgboost\sklearn.py:889: UserWarning: `eval_metric` in `fit` method is deprecated for better compatibility with scikit-learn, use `eval_metric` in constructor or`set_params` instead.
  warnings.warn(
C:\Users\PC\anaconda3\envs\smoker-ml\lib\site-packages\xgboost\sklearn.py:889: UserWarning: `early_stopping_rounds` in `fit` method is deprecated for better compatibility with scikit-learn, use `early_stopping_rounds` in constructor or`set_params` instead.
  warnings.warn(
[32m[I 2025-05-27 00:51:36,267][0m Trial 5 finished with value: 0.8705346158055511 and parameters: {'n_estimators': 1206, 'learning_rate': 0.09798759316603389, 'max_depth': 6, 'subsample': 0.9503460086958441, 'colsample_bytree': 0.8062324786332671, 'gamma': 1.5213252707985425, 'min_child_weight': 10}. Best is trial 5 with value: 0.8705346158055511.[0m
C:\Users\PC\anaconda3\envs\smoker-ml\lib\site-packages\xgboost\sklearn.py:889: UserWarning: `eval_metric` in `fit` method is deprecated for better compatibility with scikit-learn, use `eval_metric` in constructor or`set_params` instead.
  warnings.warn(
C:\Users\PC\anaconda3\envs\smoker-ml\lib\site-packages\xgboost\sklearn.py:889: UserWarning: `early_stopping_rounds` in `fit` method is deprecated for better compatibility with scikit-learn, use `early_stopping_rounds` in constructor or`set_params` instead.
  warnings.warn(
C:\Users\PC\anaconda3\envs\smoker-ml\lib\site-packages\xgboost\sklearn.py:889: UserWarning: `eval_metric` in `fit` method is deprecated for better compatibility with scikit-learn, use `eval_metric` in constructor or`set_params` instead.
  warnings.warn(
C:\Users\PC\anaconda3\envs\smoker-ml\lib\site-packages\xgboost\sklearn.py:889: UserWarning: `early_stopping_rounds` in `fit` method is deprecated for better compatibility with scikit-learn, use `early_stopping_rounds` in constructor or`set_params` instead.
  warnings.warn(
C:\Users\PC\anaconda3\envs\smoker-ml\lib\site-packages\xgboost\sklearn.py:889: UserWarning: `eval_metric` in `fit` method is deprecated for better compatibility with scikit-learn, use `eval_metric` in constructor or`set_params` instead.
  warnings.warn(
C:\Users\PC\anaconda3\envs\smoker-ml\lib\site-packages\xgboost\sklearn.py:889: UserWarning: `early_stopping_rounds` in `fit` method is deprecated for better compatibility with scikit-learn, use `early_stopping_rounds` in constructor or`set_params` instead.
  warnings.warn(
[32m[I 2025-05-27 00:52:20,281][0m Trial 6 finished with value: 0.8706996421854406 and parameters: {'n_estimators': 1081, 'learning_rate': 0.041479068267042445, 'max_depth': 10, 'subsample': 0.9642882236028562, 'colsample_bytree': 0.659264992511435, 'gamma': 2.0687619427004322, 'min_child_weight': 3}. Best is trial 6 with value: 0.8706996421854406.[0m
C:\Users\PC\anaconda3\envs\smoker-ml\lib\site-packages\xgboost\sklearn.py:889: UserWarning: `eval_metric` in `fit` method is deprecated for better compatibility with scikit-learn, use `eval_metric` in constructor or`set_params` instead.
  warnings.warn(
C:\Users\PC\anaconda3\envs\smoker-ml\lib\site-packages\xgboost\sklearn.py:889: UserWarning: `early_stopping_rounds` in `fit` method is deprecated for better compatibility with scikit-learn, use `early_stopping_rounds` in constructor or`set_params` instead.
  warnings.warn(
C:\Users\PC\anaconda3\envs\smoker-ml\lib\site-packages\xgboost\sklearn.py:889: UserWarning: `eval_metric` in `fit` method is deprecated for better compatibility with scikit-learn, use `eval_metric` in constructor or`set_params` instead.
  warnings.warn(
C:\Users\PC\anaconda3\envs\smoker-ml\lib\site-packages\xgboost\sklearn.py:889: UserWarning: `early_stopping_rounds` in `fit` method is deprecated for better compatibility with scikit-learn, use `early_stopping_rounds` in constructor or`set_params` instead.
  warnings.warn(
C:\Users\PC\anaconda3\envs\smoker-ml\lib\site-packages\xgboost\sklearn.py:889: UserWarning: `eval_metric` in `fit` method is deprecated for better compatibility with scikit-learn, use `eval_metric` in constructor or`set_params` instead.
  warnings.warn(
C:\Users\PC\anaconda3\envs\smoker-ml\lib\site-packages\xgboost\sklearn.py:889: UserWarning: `early_stopping_rounds` in `fit` method is deprecated for better compatibility with scikit-learn, use `early_stopping_rounds` in constructor or`set_params` instead.
  warnings.warn(
[32m[I 2025-05-27 00:53:42,461][0m Trial 7 finished with value: 0.871716478052988 and parameters: {'n_estimators': 1725, 'learning_rate': 0.06344192523624334, 'max_depth': 5, 'subsample': 0.672220565190518, 'colsample_bytree': 0.8208483394183466, 'gamma': 2.5425660830352665, 'min_child_weight': 6}. Best is trial 7 with value: 0.871716478052988.[0m
C:\Users\PC\anaconda3\envs\smoker-ml\lib\site-packages\xgboost\sklearn.py:889: UserWarning: `eval_metric` in `fit` method is deprecated for better compatibility with scikit-learn, use `eval_metric` in constructor or`set_params` instead.
  warnings.warn(
C:\Users\PC\anaconda3\envs\smoker-ml\lib\site-packages\xgboost\sklearn.py:889: UserWarning: `early_stopping_rounds` in `fit` method is deprecated for better compatibility with scikit-learn, use `early_stopping_rounds` in constructor or`set_params` instead.
  warnings.warn(
C:\Users\PC\anaconda3\envs\smoker-ml\lib\site-packages\xgboost\sklearn.py:889: UserWarning: `eval_metric` in `fit` method is deprecated for better compatibility with scikit-learn, use `eval_metric` in constructor or`set_params` instead.
  warnings.warn(
C:\Users\PC\anaconda3\envs\smoker-ml\lib\site-packages\xgboost\sklearn.py:889: UserWarning: `early_stopping_rounds` in `fit` method is deprecated for better compatibility with scikit-learn, use `early_stopping_rounds` in constructor or`set_params` instead.
  warnings.warn(
C:\Users\PC\anaconda3\envs\smoker-ml\lib\site-packages\xgboost\sklearn.py:889: UserWarning: `eval_metric` in `fit` method is deprecated for better compatibility with scikit-learn, use `eval_metric` in constructor or`set_params` instead.
  warnings.warn(
C:\Users\PC\anaconda3\envs\smoker-ml\lib\site-packages\xgboost\sklearn.py:889: UserWarning: `early_stopping_rounds` in `fit` method is deprecated for better compatibility with scikit-learn, use `early_stopping_rounds` in constructor or`set_params` instead.
  warnings.warn(
[32m[I 2025-05-27 00:55:16,263][0m Trial 8 finished with value: 0.8669631820825643 and parameters: {'n_estimators': 1687, 'learning_rate': 0.016762596559153183, 'max_depth': 5, 'subsample': 0.9362621414213272, 'colsample_bytree': 0.8836546871469468, 'gamma': 3.2317848550055475, 'min_child_weight': 9}. Best is trial 7 with value: 0.871716478052988.[0m
C:\Users\PC\anaconda3\envs\smoker-ml\lib\site-packages\xgboost\sklearn.py:889: UserWarning: `eval_metric` in `fit` method is deprecated for better compatibility with scikit-learn, use `eval_metric` in constructor or`set_params` instead.
  warnings.warn(
C:\Users\PC\anaconda3\envs\smoker-ml\lib\site-packages\xgboost\sklearn.py:889: UserWarning: `early_stopping_rounds` in `fit` method is deprecated for better compatibility with scikit-learn, use `early_stopping_rounds` in constructor or`set_params` instead.
  warnings.warn(
C:\Users\PC\anaconda3\envs\smoker-ml\lib\site-packages\xgboost\sklearn.py:889: UserWarning: `eval_metric` in `fit` method is deprecated for better compatibility with scikit-learn, use `eval_metric` in constructor or`set_params` instead.
  warnings.warn(
C:\Users\PC\anaconda3\envs\smoker-ml\lib\site-packages\xgboost\sklearn.py:889: UserWarning: `early_stopping_rounds` in `fit` method is deprecated for better compatibility with scikit-learn, use `early_stopping_rounds` in constructor or`set_params` instead.
  warnings.warn(
C:\Users\PC\anaconda3\envs\smoker-ml\lib\site-packages\xgboost\sklearn.py:889: UserWarning: `eval_metric` in `fit` method is deprecated for better compatibility with scikit-learn, use `eval_metric` in constructor or`set_params` instead.
  warnings.warn(
C:\Users\PC\anaconda3\envs\smoker-ml\lib\site-packages\xgboost\sklearn.py:889: UserWarning: `early_stopping_rounds` in `fit` method is deprecated for better compatibility with scikit-learn, use `early_stopping_rounds` in constructor or`set_params` instead.
  warnings.warn(
[32m[I 2025-05-27 00:55:44,450][0m Trial 9 finished with value: 0.8672205402442796 and parameters: {'n_estimators': 1419, 'learning_rate': 0.09520480688304339, 'max_depth': 6, 'subsample': 0.8983956376851888, 'colsample_bytree': 0.9363068349486197, 'gamma': 4.164066840607728, 'min_child_weight': 3}. Best is trial 7 with value: 0.871716478052988.[0m
C:\Users\PC\anaconda3\envs\smoker-ml\lib\site-packages\xgboost\sklearn.py:889: UserWarning: `eval_metric` in `fit` method is deprecated for better compatibility with scikit-learn, use `eval_metric` in constructor or`set_params` instead.
  warnings.warn(
C:\Users\PC\anaconda3\envs\smoker-ml\lib\site-packages\xgboost\sklearn.py:889: UserWarning: `early_stopping_rounds` in `fit` method is deprecated for better compatibility with scikit-learn, use `early_stopping_rounds` in constructor or`set_params` instead.
  warnings.warn(
C:\Users\PC\anaconda3\envs\smoker-ml\lib\site-packages\xgboost\sklearn.py:889: UserWarning: `eval_metric` in `fit` method is deprecated for better compatibility with scikit-learn, use `eval_metric` in constructor or`set_params` instead.
  warnings.warn(
C:\Users\PC\anaconda3\envs\smoker-ml\lib\site-packages\xgboost\sklearn.py:889: UserWarning: `early_stopping_rounds` in `fit` method is deprecated for better compatibility with scikit-learn, use `early_stopping_rounds` in constructor or`set_params` instead.
  warnings.warn(
C:\Users\PC\anaconda3\envs\smoker-ml\lib\site-packages\xgboost\sklearn.py:889: UserWarning: `eval_metric` in `fit` method is deprecated for better compatibility with scikit-learn, use `eval_metric` in constructor or`set_params` instead.
  warnings.warn(
C:\Users\PC\anaconda3\envs\smoker-ml\lib\site-packages\xgboost\sklearn.py:889: UserWarning: `early_stopping_rounds` in `fit` method is deprecated for better compatibility with scikit-learn, use `early_stopping_rounds` in constructor or`set_params` instead.
  warnings.warn(
