[32m[I 2025-05-27 01:08:13,501][0m Trial 21 finished with value: 0.873845942037148 and parameters: {'n_estimators': 1542, 'learning_rate': 0.05136777622232397, 'max_depth': 7, 'subsample': 0.7531850523415735, 'colsample_bytree': 0.7007600434030928, 'gamma': 1.139476544060827, 'min_child_weight': 3}. Best is trial 15 with value: 0.87398588743256.[0m
C:\Users\PC\anaconda3\envs\smoker-ml\lib\site-packages\xgboost\sklearn.py:889: UserWarning: `eval_metric` in `fit` method is deprecated for better compatibility with scikit-learn, use `eval_metric` in constructor or`set_params` instead.
  warnings.warn(
C:\Users\PC\anaconda3\envs\smoker-ml\lib\site-packages\xgboost\sklearn.py:889: UserWarning: `early_stopping_rounds` in `fit` method is deprecated for better compatibility with scikit-learn, use `early_stopping_rounds` in constructor or`set_params` instead.
  warnings.warn(
C:\Users\PC\anaconda3\envs\smoker-ml\lib\site-packages\xgboost\sklearn.py:889: UserWarning: `eval_metric` in `fit` method is deprecated for better compatibility with scikit-learn, use `eval_metric` in constructor or`set_params` instead.
  warnings.warn(
C:\Users\PC\anaconda3\envs\smoker-ml\lib\site-packages\xgboost\sklearn.py:889: UserWarning: `early_stopping_rounds` in `fit` method is deprecated for better compatibility with scikit-learn, use `early_stopping_rounds` in constructor or`set_params` instead.
  warnings.warn(
C:\Users\PC\anaconda3\envs\smoker-ml\lib\site-packages\xgboost\sklearn.py:889: UserWarning: `eval_metric` in `fit` method is deprecated for better compatibility with scikit-learn, use `eval_metric` in constructor or`set_params` instead.
  warnings.warn(
C:\Users\PC\anaconda3\envs\smoker-ml\lib\site-packages\xgboost\sklearn.py:889: UserWarning: `early_stopping_rounds` in `fit` method is deprecated for better compatibility with scikit-learn, use `early_stopping_rounds` in constructor or`set_params` instead.
  warnings.warn(
[32m[I 2025-05-27 01:09:32,353][0m Trial 22 finished with value: 0.8725906986116136 and parameters: {'n_estimators': 1307, 'learning_rate': 0.045745373179077155, 'max_depth': 6, 'subsample': 0.7527973720150578, 'colsample_bytree': 0.6866755732607862, 'gamma': 2.091105897772487, 'min_child_weight': 2}. Best is trial 15 with value: 0.87398588743256.[0m
C:\Users\PC\anaconda3\envs\smoker-ml\lib\site-packages\xgboost\sklearn.py:889: UserWarning: `eval_metric` in `fit` method is deprecated for better compatibility with scikit-learn, use `eval_metric` in constructor or`set_params` instead.
  warnings.warn(
C:\Users\PC\anaconda3\envs\smoker-ml\lib\site-packages\xgboost\sklearn.py:889: UserWarning: `early_stopping_rounds` in `fit` method is deprecated for better compatibility with scikit-learn, use `early_stopping_rounds` in constructor or`set_params` instead.
  warnings.warn(
C:\Users\PC\anaconda3\envs\smoker-ml\lib\site-packages\xgboost\sklearn.py:889: UserWarning: `eval_metric` in `fit` method is deprecated for better compatibility with scikit-learn, use `eval_metric` in constructor or`set_params` instead.
  warnings.warn(
C:\Users\PC\anaconda3\envs\smoker-ml\lib\site-packages\xgboost\sklearn.py:889: UserWarning: `early_stopping_rounds` in `fit` method is deprecated for better compatibility with scikit-learn, use `early_stopping_rounds` in constructor or`set_params` instead.
  warnings.warn(
C:\Users\PC\anaconda3\envs\smoker-ml\lib\site-packages\xgboost\sklearn.py:889: UserWarning: `eval_metric` in `fit` method is deprecated for better compatibility with scikit-learn, use `eval_metric` in constructor or`set_params` instead.
  warnings.warn(
C:\Users\PC\anaconda3\envs\smoker-ml\lib\site-packages\xgboost\sklearn.py:889: UserWarning: `early_stopping_rounds` in `fit` method is deprecated for better compatibility with scikit-learn, use `early_stopping_rounds` in constructor or`set_params` instead.
  warnings.warn(
[32m[I 2025-05-27 01:10:43,993][0m Trial 23 finished with value: 0.8727097920326662 and parameters: {'n_estimators': 1128, 'learning_rate': 0.03388363887484757, 'max_depth': 7, 'subsample': 0.8529861079055858, 'colsample_bytree': 0.751282074108834, 'gamma': 1.337719092659083, 'min_child_weight': 3}. Best is trial 15 with value: 0.87398588743256.[0m
C:\Users\PC\anaconda3\envs\smoker-ml\lib\site-packages\xgboost\sklearn.py:889: UserWarning: `eval_metric` in `fit` method is deprecated for better compatibility with scikit-learn, use `eval_metric` in constructor or`set_params` instead.
  warnings.warn(
C:\Users\PC\anaconda3\envs\smoker-ml\lib\site-packages\xgboost\sklearn.py:889: UserWarning: `early_stopping_rounds` in `fit` method is deprecated for better compatibility with scikit-learn, use `early_stopping_rounds` in constructor or`set_params` instead.
  warnings.warn(
C:\Users\PC\anaconda3\envs\smoker-ml\lib\site-packages\xgboost\sklearn.py:889: UserWarning: `eval_metric` in `fit` method is deprecated for better compatibility with scikit-learn, use `eval_metric` in constructor or`set_params` instead.
  warnings.warn(
C:\Users\PC\anaconda3\envs\smoker-ml\lib\site-packages\xgboost\sklearn.py:889: UserWarning: `early_stopping_rounds` in `fit` method is deprecated for better compatibility with scikit-learn, use `early_stopping_rounds` in constructor or`set_params` instead.
  warnings.warn(
C:\Users\PC\anaconda3\envs\smoker-ml\lib\site-packages\xgboost\sklearn.py:889: UserWarning: `eval_metric` in `fit` method is deprecated for better compatibility with scikit-learn, use `eval_metric` in constructor or`set_params` instead.
  warnings.warn(
C:\Users\PC\anaconda3\envs\smoker-ml\lib\site-packages\xgboost\sklearn.py:889: UserWarning: `early_stopping_rounds` in `fit` method is deprecated for better compatibility with scikit-learn, use `early_stopping_rounds` in constructor or`set_params` instead.
  warnings.warn(
[32m[I 2025-05-27 01:11:25,051][0m Trial 24 finished with value: 0.8719987134577551 and parameters: {'n_estimators': 1520, 'learning_rate': 0.0824332881747871, 'max_depth': 8, 'subsample': 0.7515377829470631, 'colsample_bytree': 0.6279889830321704, 'gamma': 2.0896506970323045, 'min_child_weight': 1}. Best is trial 15 with value: 0.87398588743256.[0m
C:\Users\PC\anaconda3\envs\smoker-ml\lib\site-packages\xgboost\sklearn.py:889: UserWarning: `eval_metric` in `fit` method is deprecated for better compatibility with scikit-learn, use `eval_metric` in constructor or`set_params` instead.
  warnings.warn(
C:\Users\PC\anaconda3\envs\smoker-ml\lib\site-packages\xgboost\sklearn.py:889: UserWarning: `early_stopping_rounds` in `fit` method is deprecated for better compatibility with scikit-learn, use `early_stopping_rounds` in constructor or`set_params` instead.
  warnings.warn(
C:\Users\PC\anaconda3\envs\smoker-ml\lib\site-packages\xgboost\sklearn.py:889: UserWarning: `eval_metric` in `fit` method is deprecated for better compatibility with scikit-learn, use `eval_metric` in constructor or`set_params` instead.
  warnings.warn(
C:\Users\PC\anaconda3\envs\smoker-ml\lib\site-packages\xgboost\sklearn.py:889: UserWarning: `early_stopping_rounds` in `fit` method is deprecated for better compatibility with scikit-learn, use `early_stopping_rounds` in constructor or`set_params` instead.
  warnings.warn(
C:\Users\PC\anaconda3\envs\smoker-ml\lib\site-packages\xgboost\sklearn.py:889: UserWarning: `eval_metric` in `fit` method is deprecated for better compatibility with scikit-learn, use `eval_metric` in constructor or`set_params` instead.
  warnings.warn(
C:\Users\PC\anaconda3\envs\smoker-ml\lib\site-packages\xgboost\sklearn.py:889: UserWarning: `early_stopping_rounds` in `fit` method is deprecated for better compatibility with scikit-learn, use `early_stopping_rounds` in constructor or`set_params` instead.
  warnings.warn(
[32m[I 2025-05-27 01:12:19,294][0m Trial 25 finished with value: 0.8734673246187442 and parameters: {'n_estimators': 1827, 'learning_rate': 0.058300597341608654, 'max_depth': 10, 'subsample': 0.8473547059376578, 'colsample_bytree': 0.7525821604515707, 'gamma': 0.012538083017822998, 'min_child_weight': 2}. Best is trial 15 with value: 0.87398588743256.[0m
C:\Users\PC\anaconda3\envs\smoker-ml\lib\site-packages\xgboost\sklearn.py:889: UserWarning: `eval_metric` in `fit` method is deprecated for better compatibility with scikit-learn, use `eval_metric` in constructor or`set_params` instead.
  warnings.warn(
C:\Users\PC\anaconda3\envs\smoker-ml\lib\site-packages\xgboost\sklearn.py:889: UserWarning: `early_stopping_rounds` in `fit` method is deprecated for better compatibility with scikit-learn, use `early_stopping_rounds` in constructor or`set_params` instead.
  warnings.warn(
C:\Users\PC\anaconda3\envs\smoker-ml\lib\site-packages\xgboost\sklearn.py:889: UserWarning: `eval_metric` in `fit` method is deprecated for better compatibility with scikit-learn, use `eval_metric` in constructor or`set_params` instead.
  warnings.warn(
C:\Users\PC\anaconda3\envs\smoker-ml\lib\site-packages\xgboost\sklearn.py:889: UserWarning: `early_stopping_rounds` in `fit` method is deprecated for better compatibility with scikit-learn, use `early_stopping_rounds` in constructor or`set_params` instead.
  warnings.warn(
C:\Users\PC\anaconda3\envs\smoker-ml\lib\site-packages\xgboost\sklearn.py:889: UserWarning: `eval_metric` in `fit` method is deprecated for better compatibility with scikit-learn, use `eval_metric` in constructor or`set_params` instead.
  warnings.warn(
C:\Users\PC\anaconda3\envs\smoker-ml\lib\site-packages\xgboost\sklearn.py:889: UserWarning: `early_stopping_rounds` in `fit` method is deprecated for better compatibility with scikit-learn, use `early_stopping_rounds` in constructor or`set_params` instead.
  warnings.warn(
[32m[I 2025-05-27 01:13:45,460][0m Trial 26 finished with value: 0.8709613779917781 and parameters: {'n_estimators': 1373, 'learning_rate': 0.023673278285225828, 'max_depth': 6, 'subsample': 0.6544862380344241, 'colsample_bytree': 0.6392734002320177, 'gamma': 0.6262600548096682, 'min_child_weight': 4}. Best is trial 15 with value: 0.87398588743256.[0m
C:\Users\PC\anaconda3\envs\smoker-ml\lib\site-packages\xgboost\sklearn.py:889: UserWarning: `eval_metric` in `fit` method is deprecated for better compatibility with scikit-learn, use `eval_metric` in constructor or`set_params` instead.
  warnings.warn(
C:\Users\PC\anaconda3\envs\smoker-ml\lib\site-packages\xgboost\sklearn.py:889: UserWarning: `early_stopping_rounds` in `fit` method is deprecated for better compatibility with scikit-learn, use `early_stopping_rounds` in constructor or`set_params` instead.
  warnings.warn(
C:\Users\PC\anaconda3\envs\smoker-ml\lib\site-packages\xgboost\sklearn.py:889: UserWarning: `eval_metric` in `fit` method is deprecated for better compatibility with scikit-learn, use `eval_metric` in constructor or`set_params` instead.
  warnings.warn(
C:\Users\PC\anaconda3\envs\smoker-ml\lib\site-packages\xgboost\sklearn.py:889: UserWarning: `early_stopping_rounds` in `fit` method is deprecated for better compatibility with scikit-learn, use `early_stopping_rounds` in constructor or`set_params` instead.
  warnings.warn(
C:\Users\PC\anaconda3\envs\smoker-ml\lib\site-packages\xgboost\sklearn.py:889: UserWarning: `eval_metric` in `fit` method is deprecated for better compatibility with scikit-learn, use `eval_metric` in constructor or`set_params` instead.
  warnings.warn(
C:\Users\PC\anaconda3\envs\smoker-ml\lib\site-packages\xgboost\sklearn.py:889: UserWarning: `early_stopping_rounds` in `fit` method is deprecated for better compatibility with scikit-learn, use `early_stopping_rounds` in constructor or`set_params` instead.
  warnings.warn(
[32m[I 2025-05-27 01:15:16,746][0m Trial 27 finished with value: 0.8703245990803437 and parameters: {'n_estimators': 1597, 'learning_rate': 0.04929646890464465, 'max_depth': 4, 'subsample': 0.7457903180501488, 'colsample_bytree': 0.6903700619558698, 'gamma': 1.2730982758692184, 'min_child_weight': 3}. Best is trial 15 with value: 0.87398588743256.[0m
C:\Users\PC\anaconda3\envs\smoker-ml\lib\site-packages\xgboost\sklearn.py:889: UserWarning: `eval_metric` in `fit` method is deprecated for better compatibility with scikit-learn, use `eval_metric` in constructor or`set_params` instead.
  warnings.warn(
C:\Users\PC\anaconda3\envs\smoker-ml\lib\site-packages\xgboost\sklearn.py:889: UserWarning: `early_stopping_rounds` in `fit` method is deprecated for better compatibility with scikit-learn, use `early_stopping_rounds` in constructor or`set_params` instead.
  warnings.warn(
C:\Users\PC\anaconda3\envs\smoker-ml\lib\site-packages\xgboost\sklearn.py:889: UserWarning: `eval_metric` in `fit` method is deprecated for better compatibility with scikit-learn, use `eval_metric` in constructor or`set_params` instead.
  warnings.warn(
C:\Users\PC\anaconda3\envs\smoker-ml\lib\site-packages\xgboost\sklearn.py:889: UserWarning: `early_stopping_rounds` in `fit` method is deprecated for better compatibility with scikit-learn, use `early_stopping_rounds` in constructor or`set_params` instead.
  warnings.warn(
C:\Users\PC\anaconda3\envs\smoker-ml\lib\site-packages\xgboost\sklearn.py:889: UserWarning: `eval_metric` in `fit` method is deprecated for better compatibility with scikit-learn, use `eval_metric` in constructor or`set_params` instead.
  warnings.warn(
C:\Users\PC\anaconda3\envs\smoker-ml\lib\site-packages\xgboost\sklearn.py:889: UserWarning: `early_stopping_rounds` in `fit` method is deprecated for better compatibility with scikit-learn, use `early_stopping_rounds` in constructor or`set_params` instead.
  warnings.warn(
[32m[I 2025-05-27 01:16:09,726][0m Trial 28 finished with value: 0.8720277120239425 and parameters: {'n_estimators': 828, 'learning_rate': 0.03653934803293999, 'max_depth': 7, 'subsample': 0.7977307487929463, 'colsample_bytree': 0.7258407996177435, 'gamma': 0.5799099174309588, 'min_child_weight': 2}. Best is trial 15 with value: 0.87398588743256.[0m
C:\Users\PC\anaconda3\envs\smoker-ml\lib\site-packages\xgboost\sklearn.py:889: UserWarning: `eval_metric` in `fit` method is deprecated for better compatibility with scikit-learn, use `eval_metric` in constructor or`set_params` instead.
  warnings.warn(
C:\Users\PC\anaconda3\envs\smoker-ml\lib\site-packages\xgboost\sklearn.py:889: UserWarning: `early_stopping_rounds` in `fit` method is deprecated for better compatibility with scikit-learn, use `early_stopping_rounds` in constructor or`set_params` instead.
  warnings.warn(
C:\Users\PC\anaconda3\envs\smoker-ml\lib\site-packages\xgboost\sklearn.py:889: UserWarning: `eval_metric` in `fit` method is deprecated for better compatibility with scikit-learn, use `eval_metric` in constructor or`set_params` instead.
  warnings.warn(
C:\Users\PC\anaconda3\envs\smoker-ml\lib\site-packages\xgboost\sklearn.py:889: UserWarning: `early_stopping_rounds` in `fit` method is deprecated for better compatibility with scikit-learn, use `early_stopping_rounds` in constructor or`set_params` instead.
  warnings.warn(
C:\Users\PC\anaconda3\envs\smoker-ml\lib\site-packages\xgboost\sklearn.py:889: UserWarning: `eval_metric` in `fit` method is deprecated for better compatibility with scikit-learn, use `eval_metric` in constructor or`set_params` instead.
  warnings.warn(
C:\Users\PC\anaconda3\envs\smoker-ml\lib\site-packages\xgboost\sklearn.py:889: UserWarning: `early_stopping_rounds` in `fit` method is deprecated for better compatibility with scikit-learn, use `early_stopping_rounds` in constructor or`set_params` instead.
  warnings.warn(
[32m[I 2025-05-27 01:17:21,092][0m Trial 29 finished with value: 0.8708102904554793 and parameters: {'n_estimators': 1139, 'learning_rate': 0.021861552302145024, 'max_depth': 8, 'subsample': 0.8572316851767955, 'colsample_bytree': 0.846340448334777, 'gamma': 2.9087046767339064, 'min_child_weight': 1}. Best is trial 15 with value: 0.87398588743256.[0m
