[32m[I 2025-05-27 00:56:26,155][0m Trial 10 finished with value: 0.8713911751266582 and parameters: {'n_estimators': 1970, 'learning_rate': 0.06921159212462123, 'max_depth': 12, 'subsample': 0.6127302144514414, 'colsample_bytree': 0.6108147012549114, 'gamma': 0.3576382606904289, 'min_child_weight': 6}. Best is trial 7 with value: 0.871716478052988.[0m
C:\Users\PC\anaconda3\envs\smoker-ml\lib\site-packages\xgboost\sklearn.py:889: UserWarning: `eval_metric` in `fit` method is deprecated for better compatibility with scikit-learn, use `eval_metric` in constructor or`set_params` instead.
  warnings.warn(
C:\Users\PC\anaconda3\envs\smoker-ml\lib\site-packages\xgboost\sklearn.py:889: UserWarning: `early_stopping_rounds` in `fit` method is deprecated for better compatibility with scikit-learn, use `early_stopping_rounds` in constructor or`set_params` instead.
  warnings.warn(
C:\Users\PC\anaconda3\envs\smoker-ml\lib\site-packages\xgboost\sklearn.py:889: UserWarning: `eval_metric` in `fit` method is deprecated for better compatibility with scikit-learn, use `eval_metric` in constructor or`set_params` instead.
  warnings.warn(
C:\Users\PC\anaconda3\envs\smoker-ml\lib\site-packages\xgboost\sklearn.py:889: UserWarning: `early_stopping_rounds` in `fit` method is deprecated for better compatibility with scikit-learn, use `early_stopping_rounds` in constructor or`set_params` instead.
  warnings.warn(
C:\Users\PC\anaconda3\envs\smoker-ml\lib\site-packages\xgboost\sklearn.py:889: UserWarning: `eval_metric` in `fit` method is deprecated for better compatibility with scikit-learn, use `eval_metric` in constructor or`set_params` instead.
  warnings.warn(
C:\Users\PC\anaconda3\envs\smoker-ml\lib\site-packages\xgboost\sklearn.py:889: UserWarning: `early_stopping_rounds` in `fit` method is deprecated for better compatibility with scikit-learn, use `early_stopping_rounds` in constructor or`set_params` instead.
  warnings.warn(
[32m[I 2025-05-27 00:57:04,573][0m Trial 11 finished with value: 0.8716321029459415 and parameters: {'n_estimators': 1968, 'learning_rate': 0.07100715058813768, 'max_depth': 12, 'subsample': 0.6226476760755184, 'colsample_bytree': 0.610312788483846, 'gamma': 0.3364265225351414, 'min_child_weight': 6}. Best is trial 7 with value: 0.871716478052988.[0m
C:\Users\PC\anaconda3\envs\smoker-ml\lib\site-packages\xgboost\sklearn.py:889: UserWarning: `eval_metric` in `fit` method is deprecated for better compatibility with scikit-learn, use `eval_metric` in constructor or`set_params` instead.
  warnings.warn(
C:\Users\PC\anaconda3\envs\smoker-ml\lib\site-packages\xgboost\sklearn.py:889: UserWarning: `early_stopping_rounds` in `fit` method is deprecated for better compatibility with scikit-learn, use `early_stopping_rounds` in constructor or`set_params` instead.
  warnings.warn(
C:\Users\PC\anaconda3\envs\smoker-ml\lib\site-packages\xgboost\sklearn.py:889: UserWarning: `eval_metric` in `fit` method is deprecated for better compatibility with scikit-learn, use `eval_metric` in constructor or`set_params` instead.
  warnings.warn(
C:\Users\PC\anaconda3\envs\smoker-ml\lib\site-packages\xgboost\sklearn.py:889: UserWarning: `early_stopping_rounds` in `fit` method is deprecated for better compatibility with scikit-learn, use `early_stopping_rounds` in constructor or`set_params` instead.
  warnings.warn(
C:\Users\PC\anaconda3\envs\smoker-ml\lib\site-packages\xgboost\sklearn.py:889: UserWarning: `eval_metric` in `fit` method is deprecated for better compatibility with scikit-learn, use `eval_metric` in constructor or`set_params` instead.
  warnings.warn(
C:\Users\PC\anaconda3\envs\smoker-ml\lib\site-packages\xgboost\sklearn.py:889: UserWarning: `early_stopping_rounds` in `fit` method is deprecated for better compatibility with scikit-learn, use `early_stopping_rounds` in constructor or`set_params` instead.
  warnings.warn(
[32m[I 2025-05-27 00:57:40,604][0m Trial 12 finished with value: 0.8704806669344508 and parameters: {'n_estimators': 1700, 'learning_rate': 0.07198537458117336, 'max_depth': 12, 'subsample': 0.6112013223545156, 'colsample_bytree': 0.7060775253423536, 'gamma': 0.1620368269389818, 'min_child_weight': 6}. Best is trial 7 with value: 0.871716478052988.[0m
C:\Users\PC\anaconda3\envs\smoker-ml\lib\site-packages\xgboost\sklearn.py:889: UserWarning: `eval_metric` in `fit` method is deprecated for better compatibility with scikit-learn, use `eval_metric` in constructor or`set_params` instead.
  warnings.warn(
C:\Users\PC\anaconda3\envs\smoker-ml\lib\site-packages\xgboost\sklearn.py:889: UserWarning: `early_stopping_rounds` in `fit` method is deprecated for better compatibility with scikit-learn, use `early_stopping_rounds` in constructor or`set_params` instead.
  warnings.warn(
C:\Users\PC\anaconda3\envs\smoker-ml\lib\site-packages\xgboost\sklearn.py:889: UserWarning: `eval_metric` in `fit` method is deprecated for better compatibility with scikit-learn, use `eval_metric` in constructor or`set_params` instead.
  warnings.warn(
C:\Users\PC\anaconda3\envs\smoker-ml\lib\site-packages\xgboost\sklearn.py:889: UserWarning: `early_stopping_rounds` in `fit` method is deprecated for better compatibility with scikit-learn, use `early_stopping_rounds` in constructor or`set_params` instead.
  warnings.warn(
C:\Users\PC\anaconda3\envs\smoker-ml\lib\site-packages\xgboost\sklearn.py:889: UserWarning: `eval_metric` in `fit` method is deprecated for better compatibility with scikit-learn, use `eval_metric` in constructor or`set_params` instead.
  warnings.warn(
C:\Users\PC\anaconda3\envs\smoker-ml\lib\site-packages\xgboost\sklearn.py:889: UserWarning: `early_stopping_rounds` in `fit` method is deprecated for better compatibility with scikit-learn, use `early_stopping_rounds` in constructor or`set_params` instead.
  warnings.warn(
[32m[I 2025-05-27 00:58:58,449][0m Trial 13 finished with value: 0.8733215082033725 and parameters: {'n_estimators': 1564, 'learning_rate': 0.053626186092230126, 'max_depth': 7, 'subsample': 0.6900361251798679, 'colsample_bytree': 0.7189895803002118, 'gamma': 0.9867486323180584, 'min_child_weight': 4}. Best is trial 13 with value: 0.8733215082033725.[0m
C:\Users\PC\anaconda3\envs\smoker-ml\lib\site-packages\xgboost\sklearn.py:889: UserWarning: `eval_metric` in `fit` method is deprecated for better compatibility with scikit-learn, use `eval_metric` in constructor or`set_params` instead.
  warnings.warn(
C:\Users\PC\anaconda3\envs\smoker-ml\lib\site-packages\xgboost\sklearn.py:889: UserWarning: `early_stopping_rounds` in `fit` method is deprecated for better compatibility with scikit-learn, use `early_stopping_rounds` in constructor or`set_params` instead.
  warnings.warn(
C:\Users\PC\anaconda3\envs\smoker-ml\lib\site-packages\xgboost\sklearn.py:889: UserWarning: `eval_metric` in `fit` method is deprecated for better compatibility with scikit-learn, use `eval_metric` in constructor or`set_params` instead.
  warnings.warn(
C:\Users\PC\anaconda3\envs\smoker-ml\lib\site-packages\xgboost\sklearn.py:889: UserWarning: `early_stopping_rounds` in `fit` method is deprecated for better compatibility with scikit-learn, use `early_stopping_rounds` in constructor or`set_params` instead.
  warnings.warn(
C:\Users\PC\anaconda3\envs\smoker-ml\lib\site-packages\xgboost\sklearn.py:889: UserWarning: `eval_metric` in `fit` method is deprecated for better compatibility with scikit-learn, use `eval_metric` in constructor or`set_params` instead.
  warnings.warn(
C:\Users\PC\anaconda3\envs\smoker-ml\lib\site-packages\xgboost\sklearn.py:889: UserWarning: `early_stopping_rounds` in `fit` method is deprecated for better compatibility with scikit-learn, use `early_stopping_rounds` in constructor or`set_params` instead.
  warnings.warn(
[32m[I 2025-05-27 01:00:15,834][0m Trial 14 finished with value: 0.8733177615422747 and parameters: {'n_estimators': 1501, 'learning_rate': 0.05119429133136576, 'max_depth': 7, 'subsample': 0.7038648732710278, 'colsample_bytree': 0.7228491564580742, 'gamma': 1.0621123260348915, 'min_child_weight': 4}. Best is trial 13 with value: 0.8733215082033725.[0m
C:\Users\PC\anaconda3\envs\smoker-ml\lib\site-packages\xgboost\sklearn.py:889: UserWarning: `eval_metric` in `fit` method is deprecated for better compatibility with scikit-learn, use `eval_metric` in constructor or`set_params` instead.
  warnings.warn(
C:\Users\PC\anaconda3\envs\smoker-ml\lib\site-packages\xgboost\sklearn.py:889: UserWarning: `early_stopping_rounds` in `fit` method is deprecated for better compatibility with scikit-learn, use `early_stopping_rounds` in constructor or`set_params` instead.
  warnings.warn(
C:\Users\PC\anaconda3\envs\smoker-ml\lib\site-packages\xgboost\sklearn.py:889: UserWarning: `eval_metric` in `fit` method is deprecated for better compatibility with scikit-learn, use `eval_metric` in constructor or`set_params` instead.
  warnings.warn(
C:\Users\PC\anaconda3\envs\smoker-ml\lib\site-packages\xgboost\sklearn.py:889: UserWarning: `early_stopping_rounds` in `fit` method is deprecated for better compatibility with scikit-learn, use `early_stopping_rounds` in constructor or`set_params` instead.
  warnings.warn(
C:\Users\PC\anaconda3\envs\smoker-ml\lib\site-packages\xgboost\sklearn.py:889: UserWarning: `eval_metric` in `fit` method is deprecated for better compatibility with scikit-learn, use `eval_metric` in constructor or`set_params` instead.
  warnings.warn(
C:\Users\PC\anaconda3\envs\smoker-ml\lib\site-packages\xgboost\sklearn.py:889: UserWarning: `early_stopping_rounds` in `fit` method is deprecated for better compatibility with scikit-learn, use `early_stopping_rounds` in constructor or`set_params` instead.
  warnings.warn(
[32m[I 2025-05-27 01:01:49,668][0m Trial 15 finished with value: 0.87398588743256 and parameters: {'n_estimators': 1537, 'learning_rate': 0.04413926406975641, 'max_depth': 7, 'subsample': 0.7837089302264141, 'colsample_bytree': 0.700638365574684, 'gamma': 1.0823236081785277, 'min_child_weight': 1}. Best is trial 15 with value: 0.87398588743256.[0m
C:\Users\PC\anaconda3\envs\smoker-ml\lib\site-packages\xgboost\sklearn.py:889: UserWarning: `eval_metric` in `fit` method is deprecated for better compatibility with scikit-learn, use `eval_metric` in constructor or`set_params` instead.
  warnings.warn(
C:\Users\PC\anaconda3\envs\smoker-ml\lib\site-packages\xgboost\sklearn.py:889: UserWarning: `early_stopping_rounds` in `fit` method is deprecated for better compatibility with scikit-learn, use `early_stopping_rounds` in constructor or`set_params` instead.
  warnings.warn(
C:\Users\PC\anaconda3\envs\smoker-ml\lib\site-packages\xgboost\sklearn.py:889: UserWarning: `eval_metric` in `fit` method is deprecated for better compatibility with scikit-learn, use `eval_metric` in constructor or`set_params` instead.
  warnings.warn(
C:\Users\PC\anaconda3\envs\smoker-ml\lib\site-packages\xgboost\sklearn.py:889: UserWarning: `early_stopping_rounds` in `fit` method is deprecated for better compatibility with scikit-learn, use `early_stopping_rounds` in constructor or`set_params` instead.
  warnings.warn(
C:\Users\PC\anaconda3\envs\smoker-ml\lib\site-packages\xgboost\sklearn.py:889: UserWarning: `eval_metric` in `fit` method is deprecated for better compatibility with scikit-learn, use `eval_metric` in constructor or`set_params` instead.
  warnings.warn(
C:\Users\PC\anaconda3\envs\smoker-ml\lib\site-packages\xgboost\sklearn.py:889: UserWarning: `early_stopping_rounds` in `fit` method is deprecated for better compatibility with scikit-learn, use `early_stopping_rounds` in constructor or`set_params` instead.
  warnings.warn(
[32m[I 2025-05-27 01:02:57,247][0m Trial 16 finished with value: 0.8736461895552319 and parameters: {'n_estimators': 1083, 'learning_rate': 0.041255449589669056, 'max_depth': 7, 'subsample': 0.8019739467379366, 'colsample_bytree': 0.7091815224722883, 'gamma': 0.9987146938697099, 'min_child_weight': 1}. Best is trial 15 with value: 0.87398588743256.[0m
C:\Users\PC\anaconda3\envs\smoker-ml\lib\site-packages\xgboost\sklearn.py:889: UserWarning: `eval_metric` in `fit` method is deprecated for better compatibility with scikit-learn, use `eval_metric` in constructor or`set_params` instead.
  warnings.warn(
C:\Users\PC\anaconda3\envs\smoker-ml\lib\site-packages\xgboost\sklearn.py:889: UserWarning: `early_stopping_rounds` in `fit` method is deprecated for better compatibility with scikit-learn, use `early_stopping_rounds` in constructor or`set_params` instead.
  warnings.warn(
C:\Users\PC\anaconda3\envs\smoker-ml\lib\site-packages\xgboost\sklearn.py:889: UserWarning: `eval_metric` in `fit` method is deprecated for better compatibility with scikit-learn, use `eval_metric` in constructor or`set_params` instead.
  warnings.warn(
C:\Users\PC\anaconda3\envs\smoker-ml\lib\site-packages\xgboost\sklearn.py:889: UserWarning: `early_stopping_rounds` in `fit` method is deprecated for better compatibility with scikit-learn, use `early_stopping_rounds` in constructor or`set_params` instead.
  warnings.warn(
C:\Users\PC\anaconda3\envs\smoker-ml\lib\site-packages\xgboost\sklearn.py:889: UserWarning: `eval_metric` in `fit` method is deprecated for better compatibility with scikit-learn, use `eval_metric` in constructor or`set_params` instead.
  warnings.warn(
C:\Users\PC\anaconda3\envs\smoker-ml\lib\site-packages\xgboost\sklearn.py:889: UserWarning: `early_stopping_rounds` in `fit` method is deprecated for better compatibility with scikit-learn, use `early_stopping_rounds` in constructor or`set_params` instead.
  warnings.warn(
[32m[I 2025-05-27 01:03:53,574][0m Trial 17 finished with value: 0.8667213123119856 and parameters: {'n_estimators': 994, 'learning_rate': 0.033726061791261384, 'max_depth': 4, 'subsample': 0.8191224168469509, 'colsample_bytree': 0.6727834682319206, 'gamma': 0.9458933307179289, 'min_child_weight': 1}. Best is trial 15 with value: 0.87398588743256.[0m
C:\Users\PC\anaconda3\envs\smoker-ml\lib\site-packages\xgboost\sklearn.py:889: UserWarning: `eval_metric` in `fit` method is deprecated for better compatibility with scikit-learn, use `eval_metric` in constructor or`set_params` instead.
  warnings.warn(
C:\Users\PC\anaconda3\envs\smoker-ml\lib\site-packages\xgboost\sklearn.py:889: UserWarning: `early_stopping_rounds` in `fit` method is deprecated for better compatibility with scikit-learn, use `early_stopping_rounds` in constructor or`set_params` instead.
  warnings.warn(
C:\Users\PC\anaconda3\envs\smoker-ml\lib\site-packages\xgboost\sklearn.py:889: UserWarning: `eval_metric` in `fit` method is deprecated for better compatibility with scikit-learn, use `eval_metric` in constructor or`set_params` instead.
  warnings.warn(
C:\Users\PC\anaconda3\envs\smoker-ml\lib\site-packages\xgboost\sklearn.py:889: UserWarning: `early_stopping_rounds` in `fit` method is deprecated for better compatibility with scikit-learn, use `early_stopping_rounds` in constructor or`set_params` instead.
  warnings.warn(
C:\Users\PC\anaconda3\envs\smoker-ml\lib\site-packages\xgboost\sklearn.py:889: UserWarning: `eval_metric` in `fit` method is deprecated for better compatibility with scikit-learn, use `eval_metric` in constructor or`set_params` instead.
  warnings.warn(
C:\Users\PC\anaconda3\envs\smoker-ml\lib\site-packages\xgboost\sklearn.py:889: UserWarning: `early_stopping_rounds` in `fit` method is deprecated for better compatibility with scikit-learn, use `early_stopping_rounds` in constructor or`set_params` instead.
  warnings.warn(
[32m[I 2025-05-27 01:05:14,322][0m Trial 18 finished with value: 0.8685535871817196 and parameters: {'n_estimators': 1255, 'learning_rate': 0.010656907642170858, 'max_depth': 7, 'subsample': 0.7812011548072298, 'colsample_bytree': 0.7467397513411076, 'gamma': 1.7185086900123028, 'min_child_weight': 1}. Best is trial 15 with value: 0.87398588743256.[0m
C:\Users\PC\anaconda3\envs\smoker-ml\lib\site-packages\xgboost\sklearn.py:889: UserWarning: `eval_metric` in `fit` method is deprecated for better compatibility with scikit-learn, use `eval_metric` in constructor or`set_params` instead.
  warnings.warn(
C:\Users\PC\anaconda3\envs\smoker-ml\lib\site-packages\xgboost\sklearn.py:889: UserWarning: `early_stopping_rounds` in `fit` method is deprecated for better compatibility with scikit-learn, use `early_stopping_rounds` in constructor or`set_params` instead.
  warnings.warn(
C:\Users\PC\anaconda3\envs\smoker-ml\lib\site-packages\xgboost\sklearn.py:889: UserWarning: `eval_metric` in `fit` method is deprecated for better compatibility with scikit-learn, use `eval_metric` in constructor or`set_params` instead.
  warnings.warn(
C:\Users\PC\anaconda3\envs\smoker-ml\lib\site-packages\xgboost\sklearn.py:889: UserWarning: `early_stopping_rounds` in `fit` method is deprecated for better compatibility with scikit-learn, use `early_stopping_rounds` in constructor or`set_params` instead.
  warnings.warn(
C:\Users\PC\anaconda3\envs\smoker-ml\lib\site-packages\xgboost\sklearn.py:889: UserWarning: `eval_metric` in `fit` method is deprecated for better compatibility with scikit-learn, use `eval_metric` in constructor or`set_params` instead.
  warnings.warn(
C:\Users\PC\anaconda3\envs\smoker-ml\lib\site-packages\xgboost\sklearn.py:889: UserWarning: `early_stopping_rounds` in `fit` method is deprecated for better compatibility with scikit-learn, use `early_stopping_rounds` in constructor or`set_params` instead.
  warnings.warn(
[32m[I 2025-05-27 01:05:52,762][0m Trial 19 finished with value: 0.8706171078772549 and parameters: {'n_estimators': 566, 'learning_rate': 0.0290208232497621, 'max_depth': 8, 'subsample': 0.8220096138043969, 'colsample_bytree': 0.6593307519435495, 'gamma': 0.7542615257966929, 'min_child_weight': 2}. Best is trial 15 with value: 0.87398588743256.[0m
C:\Users\PC\anaconda3\envs\smoker-ml\lib\site-packages\xgboost\sklearn.py:889: UserWarning: `eval_metric` in `fit` method is deprecated for better compatibility with scikit-learn, use `eval_metric` in constructor or`set_params` instead.
  warnings.warn(
C:\Users\PC\anaconda3\envs\smoker-ml\lib\site-packages\xgboost\sklearn.py:889: UserWarning: `early_stopping_rounds` in `fit` method is deprecated for better compatibility with scikit-learn, use `early_stopping_rounds` in constructor or`set_params` instead.
  warnings.warn(
C:\Users\PC\anaconda3\envs\smoker-ml\lib\site-packages\xgboost\sklearn.py:889: UserWarning: `eval_metric` in `fit` method is deprecated for better compatibility with scikit-learn, use `eval_metric` in constructor or`set_params` instead.
  warnings.warn(
C:\Users\PC\anaconda3\envs\smoker-ml\lib\site-packages\xgboost\sklearn.py:889: UserWarning: `early_stopping_rounds` in `fit` method is deprecated for better compatibility with scikit-learn, use `early_stopping_rounds` in constructor or`set_params` instead.
  warnings.warn(
C:\Users\PC\anaconda3\envs\smoker-ml\lib\site-packages\xgboost\sklearn.py:889: UserWarning: `eval_metric` in `fit` method is deprecated for better compatibility with scikit-learn, use `eval_metric` in constructor or`set_params` instead.
  warnings.warn(
C:\Users\PC\anaconda3\envs\smoker-ml\lib\site-packages\xgboost\sklearn.py:889: UserWarning: `early_stopping_rounds` in `fit` method is deprecated for better compatibility with scikit-learn, use `early_stopping_rounds` in constructor or`set_params` instead.
  warnings.warn(
[32m[I 2025-05-27 01:06:42,732][0m Trial 20 finished with value: 0.868691798084846 and parameters: {'n_estimators': 895, 'learning_rate': 0.04321022299361822, 'max_depth': 8, 'subsample': 0.782325146193145, 'colsample_bytree': 0.8364227349986874, 'gamma': 4.950039605980348, 'min_child_weight': 1}. Best is trial 15 with value: 0.87398588743256.[0m
C:\Users\PC\anaconda3\envs\smoker-ml\lib\site-packages\xgboost\sklearn.py:889: UserWarning: `eval_metric` in `fit` method is deprecated for better compatibility with scikit-learn, use `eval_metric` in constructor or`set_params` instead.
  warnings.warn(
C:\Users\PC\anaconda3\envs\smoker-ml\lib\site-packages\xgboost\sklearn.py:889: UserWarning: `early_stopping_rounds` in `fit` method is deprecated for better compatibility with scikit-learn, use `early_stopping_rounds` in constructor or`set_params` instead.
  warnings.warn(
C:\Users\PC\anaconda3\envs\smoker-ml\lib\site-packages\xgboost\sklearn.py:889: UserWarning: `eval_metric` in `fit` method is deprecated for better compatibility with scikit-learn, use `eval_metric` in constructor or`set_params` instead.
  warnings.warn(
C:\Users\PC\anaconda3\envs\smoker-ml\lib\site-packages\xgboost\sklearn.py:889: UserWarning: `early_stopping_rounds` in `fit` method is deprecated for better compatibility with scikit-learn, use `early_stopping_rounds` in constructor or`set_params` instead.
  warnings.warn(
C:\Users\PC\anaconda3\envs\smoker-ml\lib\site-packages\xgboost\sklearn.py:889: UserWarning: `eval_metric` in `fit` method is deprecated for better compatibility with scikit-learn, use `eval_metric` in constructor or`set_params` instead.
  warnings.warn(
C:\Users\PC\anaconda3\envs\smoker-ml\lib\site-packages\xgboost\sklearn.py:889: UserWarning: `early_stopping_rounds` in `fit` method is deprecated for better compatibility with scikit-learn, use `early_stopping_rounds` in constructor or`set_params` instead.
  warnings.warn(
