[32m[I 2025-05-27 00:36:53,485][0m Trial 21 finished with value: 0.8801856384048796 and parameters: {'n_estimators': 1548, 'learning_rate': 0.026627133972045986, 'max_depth': 12, 'subsample': 0.7043594378468966, 'colsample_bytree': 0.6168884017401365, 'gamma': 0.7631267174941246, 'min_child_weight': 3}. Best is trial 13 with value: 0.8818819143257041.[0m
C:\Users\PC\anaconda3\envs\smoker-ml\lib\site-packages\xgboost\sklearn.py:889: UserWarning: `eval_metric` in `fit` method is deprecated for better compatibility with scikit-learn, use `eval_metric` in constructor or`set_params` instead.
  warnings.warn(
C:\Users\PC\anaconda3\envs\smoker-ml\lib\site-packages\xgboost\sklearn.py:889: UserWarning: `early_stopping_rounds` in `fit` method is deprecated for better compatibility with scikit-learn, use `early_stopping_rounds` in constructor or`set_params` instead.
  warnings.warn(
C:\Users\PC\anaconda3\envs\smoker-ml\lib\site-packages\xgboost\sklearn.py:889: UserWarning: `eval_metric` in `fit` method is deprecated for better compatibility with scikit-learn, use `eval_metric` in constructor or`set_params` instead.
  warnings.warn(
C:\Users\PC\anaconda3\envs\smoker-ml\lib\site-packages\xgboost\sklearn.py:889: UserWarning: `early_stopping_rounds` in `fit` method is deprecated for better compatibility with scikit-learn, use `early_stopping_rounds` in constructor or`set_params` instead.
  warnings.warn(
C:\Users\PC\anaconda3\envs\smoker-ml\lib\site-packages\xgboost\sklearn.py:889: UserWarning: `eval_metric` in `fit` method is deprecated for better compatibility with scikit-learn, use `eval_metric` in constructor or`set_params` instead.
  warnings.warn(
C:\Users\PC\anaconda3\envs\smoker-ml\lib\site-packages\xgboost\sklearn.py:889: UserWarning: `early_stopping_rounds` in `fit` method is deprecated for better compatibility with scikit-learn, use `early_stopping_rounds` in constructor or`set_params` instead.
  warnings.warn(
[32m[I 2025-05-27 00:37:29,856][0m Trial 22 finished with value: 0.880032409868191 and parameters: {'n_estimators': 1562, 'learning_rate': 0.02483760581552346, 'max_depth': 11, 'subsample': 0.7025631145146659, 'colsample_bytree': 0.6154474685805293, 'gamma': 0.4794895695717434, 'min_child_weight': 4}. Best is trial 13 with value: 0.8818819143257041.[0m
C:\Users\PC\anaconda3\envs\smoker-ml\lib\site-packages\xgboost\sklearn.py:889: UserWarning: `eval_metric` in `fit` method is deprecated for better compatibility with scikit-learn, use `eval_metric` in constructor or`set_params` instead.
  warnings.warn(
C:\Users\PC\anaconda3\envs\smoker-ml\lib\site-packages\xgboost\sklearn.py:889: UserWarning: `early_stopping_rounds` in `fit` method is deprecated for better compatibility with scikit-learn, use `early_stopping_rounds` in constructor or`set_params` instead.
  warnings.warn(
C:\Users\PC\anaconda3\envs\smoker-ml\lib\site-packages\xgboost\sklearn.py:889: UserWarning: `eval_metric` in `fit` method is deprecated for better compatibility with scikit-learn, use `eval_metric` in constructor or`set_params` instead.
  warnings.warn(
C:\Users\PC\anaconda3\envs\smoker-ml\lib\site-packages\xgboost\sklearn.py:889: UserWarning: `early_stopping_rounds` in `fit` method is deprecated for better compatibility with scikit-learn, use `early_stopping_rounds` in constructor or`set_params` instead.
  warnings.warn(
C:\Users\PC\anaconda3\envs\smoker-ml\lib\site-packages\xgboost\sklearn.py:889: UserWarning: `eval_metric` in `fit` method is deprecated for better compatibility with scikit-learn, use `eval_metric` in constructor or`set_params` instead.
  warnings.warn(
C:\Users\PC\anaconda3\envs\smoker-ml\lib\site-packages\xgboost\sklearn.py:889: UserWarning: `early_stopping_rounds` in `fit` method is deprecated for better compatibility with scikit-learn, use `early_stopping_rounds` in constructor or`set_params` instead.
  warnings.warn(
[32m[I 2025-05-27 00:38:12,185][0m Trial 23 finished with value: 0.8774628649760089 and parameters: {'n_estimators': 1528, 'learning_rate': 0.011302566056401927, 'max_depth': 11, 'subsample': 0.6219108951384238, 'colsample_bytree': 0.7004341858196648, 'gamma': 0.23627363513862654, 'min_child_weight': 4}. Best is trial 13 with value: 0.8818819143257041.[0m
C:\Users\PC\anaconda3\envs\smoker-ml\lib\site-packages\xgboost\sklearn.py:889: UserWarning: `eval_metric` in `fit` method is deprecated for better compatibility with scikit-learn, use `eval_metric` in constructor or`set_params` instead.
  warnings.warn(
C:\Users\PC\anaconda3\envs\smoker-ml\lib\site-packages\xgboost\sklearn.py:889: UserWarning: `early_stopping_rounds` in `fit` method is deprecated for better compatibility with scikit-learn, use `early_stopping_rounds` in constructor or`set_params` instead.
  warnings.warn(
C:\Users\PC\anaconda3\envs\smoker-ml\lib\site-packages\xgboost\sklearn.py:889: UserWarning: `eval_metric` in `fit` method is deprecated for better compatibility with scikit-learn, use `eval_metric` in constructor or`set_params` instead.
  warnings.warn(
C:\Users\PC\anaconda3\envs\smoker-ml\lib\site-packages\xgboost\sklearn.py:889: UserWarning: `early_stopping_rounds` in `fit` method is deprecated for better compatibility with scikit-learn, use `early_stopping_rounds` in constructor or`set_params` instead.
  warnings.warn(
C:\Users\PC\anaconda3\envs\smoker-ml\lib\site-packages\xgboost\sklearn.py:889: UserWarning: `eval_metric` in `fit` method is deprecated for better compatibility with scikit-learn, use `eval_metric` in constructor or`set_params` instead.
  warnings.warn(
C:\Users\PC\anaconda3\envs\smoker-ml\lib\site-packages\xgboost\sklearn.py:889: UserWarning: `early_stopping_rounds` in `fit` method is deprecated for better compatibility with scikit-learn, use `early_stopping_rounds` in constructor or`set_params` instead.
  warnings.warn(
[32m[I 2025-05-27 00:38:39,836][0m Trial 24 finished with value: 0.8826426374338375 and parameters: {'n_estimators': 1851, 'learning_rate': 0.029158880165638626, 'max_depth': 12, 'subsample': 0.7450381101090718, 'colsample_bytree': 0.6263431305388569, 'gamma': 0.34999287697563625, 'min_child_weight': 2}. Best is trial 24 with value: 0.8826426374338375.[0m
C:\Users\PC\anaconda3\envs\smoker-ml\lib\site-packages\xgboost\sklearn.py:889: UserWarning: `eval_metric` in `fit` method is deprecated for better compatibility with scikit-learn, use `eval_metric` in constructor or`set_params` instead.
  warnings.warn(
C:\Users\PC\anaconda3\envs\smoker-ml\lib\site-packages\xgboost\sklearn.py:889: UserWarning: `early_stopping_rounds` in `fit` method is deprecated for better compatibility with scikit-learn, use `early_stopping_rounds` in constructor or`set_params` instead.
  warnings.warn(
C:\Users\PC\anaconda3\envs\smoker-ml\lib\site-packages\xgboost\sklearn.py:889: UserWarning: `eval_metric` in `fit` method is deprecated for better compatibility with scikit-learn, use `eval_metric` in constructor or`set_params` instead.
  warnings.warn(
C:\Users\PC\anaconda3\envs\smoker-ml\lib\site-packages\xgboost\sklearn.py:889: UserWarning: `early_stopping_rounds` in `fit` method is deprecated for better compatibility with scikit-learn, use `early_stopping_rounds` in constructor or`set_params` instead.
  warnings.warn(
C:\Users\PC\anaconda3\envs\smoker-ml\lib\site-packages\xgboost\sklearn.py:889: UserWarning: `eval_metric` in `fit` method is deprecated for better compatibility with scikit-learn, use `eval_metric` in constructor or`set_params` instead.
  warnings.warn(
C:\Users\PC\anaconda3\envs\smoker-ml\lib\site-packages\xgboost\sklearn.py:889: UserWarning: `early_stopping_rounds` in `fit` method is deprecated for better compatibility with scikit-learn, use `early_stopping_rounds` in constructor or`set_params` instead.
  warnings.warn(
[32m[I 2025-05-27 00:39:06,341][0m Trial 25 finished with value: 0.8816946257875452 and parameters: {'n_estimators': 1832, 'learning_rate': 0.03536920401686897, 'max_depth': 12, 'subsample': 0.7576007577985497, 'colsample_bytree': 0.8601820003753005, 'gamma': 0.33291975623087544, 'min_child_weight': 2}. Best is trial 24 with value: 0.8826426374338375.[0m
C:\Users\PC\anaconda3\envs\smoker-ml\lib\site-packages\xgboost\sklearn.py:889: UserWarning: `eval_metric` in `fit` method is deprecated for better compatibility with scikit-learn, use `eval_metric` in constructor or`set_params` instead.
  warnings.warn(
C:\Users\PC\anaconda3\envs\smoker-ml\lib\site-packages\xgboost\sklearn.py:889: UserWarning: `early_stopping_rounds` in `fit` method is deprecated for better compatibility with scikit-learn, use `early_stopping_rounds` in constructor or`set_params` instead.
  warnings.warn(
C:\Users\PC\anaconda3\envs\smoker-ml\lib\site-packages\xgboost\sklearn.py:889: UserWarning: `eval_metric` in `fit` method is deprecated for better compatibility with scikit-learn, use `eval_metric` in constructor or`set_params` instead.
  warnings.warn(
C:\Users\PC\anaconda3\envs\smoker-ml\lib\site-packages\xgboost\sklearn.py:889: UserWarning: `early_stopping_rounds` in `fit` method is deprecated for better compatibility with scikit-learn, use `early_stopping_rounds` in constructor or`set_params` instead.
  warnings.warn(
C:\Users\PC\anaconda3\envs\smoker-ml\lib\site-packages\xgboost\sklearn.py:889: UserWarning: `eval_metric` in `fit` method is deprecated for better compatibility with scikit-learn, use `eval_metric` in constructor or`set_params` instead.
  warnings.warn(
C:\Users\PC\anaconda3\envs\smoker-ml\lib\site-packages\xgboost\sklearn.py:889: UserWarning: `early_stopping_rounds` in `fit` method is deprecated for better compatibility with scikit-learn, use `early_stopping_rounds` in constructor or`set_params` instead.
  warnings.warn(
[32m[I 2025-05-27 00:39:22,267][0m Trial 26 finished with value: 0.8762544523803752 and parameters: {'n_estimators': 1829, 'learning_rate': 0.044069702922656884, 'max_depth': 12, 'subsample': 0.7443519031052453, 'colsample_bytree': 0.8563999737520488, 'gamma': 1.6197189089272934, 'min_child_weight': 1}. Best is trial 24 with value: 0.8826426374338375.[0m
C:\Users\PC\anaconda3\envs\smoker-ml\lib\site-packages\xgboost\sklearn.py:889: UserWarning: `eval_metric` in `fit` method is deprecated for better compatibility with scikit-learn, use `eval_metric` in constructor or`set_params` instead.
  warnings.warn(
C:\Users\PC\anaconda3\envs\smoker-ml\lib\site-packages\xgboost\sklearn.py:889: UserWarning: `early_stopping_rounds` in `fit` method is deprecated for better compatibility with scikit-learn, use `early_stopping_rounds` in constructor or`set_params` instead.
  warnings.warn(
C:\Users\PC\anaconda3\envs\smoker-ml\lib\site-packages\xgboost\sklearn.py:889: UserWarning: `eval_metric` in `fit` method is deprecated for better compatibility with scikit-learn, use `eval_metric` in constructor or`set_params` instead.
  warnings.warn(
C:\Users\PC\anaconda3\envs\smoker-ml\lib\site-packages\xgboost\sklearn.py:889: UserWarning: `early_stopping_rounds` in `fit` method is deprecated for better compatibility with scikit-learn, use `early_stopping_rounds` in constructor or`set_params` instead.
  warnings.warn(
C:\Users\PC\anaconda3\envs\smoker-ml\lib\site-packages\xgboost\sklearn.py:889: UserWarning: `eval_metric` in `fit` method is deprecated for better compatibility with scikit-learn, use `eval_metric` in constructor or`set_params` instead.
  warnings.warn(
C:\Users\PC\anaconda3\envs\smoker-ml\lib\site-packages\xgboost\sklearn.py:889: UserWarning: `early_stopping_rounds` in `fit` method is deprecated for better compatibility with scikit-learn, use `early_stopping_rounds` in constructor or`set_params` instead.
  warnings.warn(
[32m[I 2025-05-27 00:39:56,786][0m Trial 27 finished with value: 0.8737890157958962 and parameters: {'n_estimators': 1793, 'learning_rate': 0.05127034316033884, 'max_depth': 6, 'subsample': 0.7524043247136988, 'colsample_bytree': 0.8760014636331687, 'gamma': 0.26006476704275117, 'min_child_weight': 2}. Best is trial 24 with value: 0.8826426374338375.[0m
C:\Users\PC\anaconda3\envs\smoker-ml\lib\site-packages\xgboost\sklearn.py:889: UserWarning: `eval_metric` in `fit` method is deprecated for better compatibility with scikit-learn, use `eval_metric` in constructor or`set_params` instead.
  warnings.warn(
C:\Users\PC\anaconda3\envs\smoker-ml\lib\site-packages\xgboost\sklearn.py:889: UserWarning: `early_stopping_rounds` in `fit` method is deprecated for better compatibility with scikit-learn, use `early_stopping_rounds` in constructor or`set_params` instead.
  warnings.warn(
C:\Users\PC\anaconda3\envs\smoker-ml\lib\site-packages\xgboost\sklearn.py:889: UserWarning: `eval_metric` in `fit` method is deprecated for better compatibility with scikit-learn, use `eval_metric` in constructor or`set_params` instead.
  warnings.warn(
C:\Users\PC\anaconda3\envs\smoker-ml\lib\site-packages\xgboost\sklearn.py:889: UserWarning: `early_stopping_rounds` in `fit` method is deprecated for better compatibility with scikit-learn, use `early_stopping_rounds` in constructor or`set_params` instead.
  warnings.warn(
C:\Users\PC\anaconda3\envs\smoker-ml\lib\site-packages\xgboost\sklearn.py:889: UserWarning: `eval_metric` in `fit` method is deprecated for better compatibility with scikit-learn, use `eval_metric` in constructor or`set_params` instead.
  warnings.warn(
C:\Users\PC\anaconda3\envs\smoker-ml\lib\site-packages\xgboost\sklearn.py:889: UserWarning: `early_stopping_rounds` in `fit` method is deprecated for better compatibility with scikit-learn, use `early_stopping_rounds` in constructor or`set_params` instead.
  warnings.warn(
[32m[I 2025-05-27 00:40:19,499][0m Trial 28 finished with value: 0.8755906849702058 and parameters: {'n_estimators': 1991, 'learning_rate': 0.035033401376186275, 'max_depth': 9, 'subsample': 0.8232592016367779, 'colsample_bytree': 0.7924973443455167, 'gamma': 1.3110315190317015, 'min_child_weight': 2}. Best is trial 24 with value: 0.8826426374338375.[0m
C:\Users\PC\anaconda3\envs\smoker-ml\lib\site-packages\xgboost\sklearn.py:889: UserWarning: `eval_metric` in `fit` method is deprecated for better compatibility with scikit-learn, use `eval_metric` in constructor or`set_params` instead.
  warnings.warn(
C:\Users\PC\anaconda3\envs\smoker-ml\lib\site-packages\xgboost\sklearn.py:889: UserWarning: `early_stopping_rounds` in `fit` method is deprecated for better compatibility with scikit-learn, use `early_stopping_rounds` in constructor or`set_params` instead.
  warnings.warn(
C:\Users\PC\anaconda3\envs\smoker-ml\lib\site-packages\xgboost\sklearn.py:889: UserWarning: `eval_metric` in `fit` method is deprecated for better compatibility with scikit-learn, use `eval_metric` in constructor or`set_params` instead.
  warnings.warn(
C:\Users\PC\anaconda3\envs\smoker-ml\lib\site-packages\xgboost\sklearn.py:889: UserWarning: `early_stopping_rounds` in `fit` method is deprecated for better compatibility with scikit-learn, use `early_stopping_rounds` in constructor or`set_params` instead.
  warnings.warn(
C:\Users\PC\anaconda3\envs\smoker-ml\lib\site-packages\xgboost\sklearn.py:889: UserWarning: `eval_metric` in `fit` method is deprecated for better compatibility with scikit-learn, use `eval_metric` in constructor or`set_params` instead.
  warnings.warn(
C:\Users\PC\anaconda3\envs\smoker-ml\lib\site-packages\xgboost\sklearn.py:889: UserWarning: `early_stopping_rounds` in `fit` method is deprecated for better compatibility with scikit-learn, use `early_stopping_rounds` in constructor or`set_params` instead.
  warnings.warn(
[32m[I 2025-05-27 00:40:24,602][0m Trial 29 finished with value: 0.8611625740954043 and parameters: {'n_estimators': 1212, 'learning_rate': 0.05848881946169758, 'max_depth': 10, 'subsample': 0.888696709267523, 'colsample_bytree': 0.9375077483122395, 'gamma': 4.925532223219225, 'min_child_weight': 1}. Best is trial 24 with value: 0.8826426374338375.[0m
