[32m[I 2025-05-27 00:32:06,857][0m Trial 10 finished with value: 0.86706658395879 and parameters: {'n_estimators': 1991, 'learning_rate': 0.016479857794920102, 'max_depth': 6, 'subsample': 0.7483182046158176, 'colsample_bytree': 0.7814524177063783, 'gamma': 0.012609562393619544, 'min_child_weight': 5}. Best is trial 4 with value: 0.8788189902113.[0m
C:\Users\PC\anaconda3\envs\smoker-ml\lib\site-packages\xgboost\sklearn.py:889: UserWarning: `eval_metric` in `fit` method is deprecated for better compatibility with scikit-learn, use `eval_metric` in constructor or`set_params` instead.
  warnings.warn(
C:\Users\PC\anaconda3\envs\smoker-ml\lib\site-packages\xgboost\sklearn.py:889: UserWarning: `early_stopping_rounds` in `fit` method is deprecated for better compatibility with scikit-learn, use `early_stopping_rounds` in constructor or`set_params` instead.
  warnings.warn(
C:\Users\PC\anaconda3\envs\smoker-ml\lib\site-packages\xgboost\sklearn.py:889: UserWarning: `eval_metric` in `fit` method is deprecated for better compatibility with scikit-learn, use `eval_metric` in constructor or`set_params` instead.
  warnings.warn(
C:\Users\PC\anaconda3\envs\smoker-ml\lib\site-packages\xgboost\sklearn.py:889: UserWarning: `early_stopping_rounds` in `fit` method is deprecated for better compatibility with scikit-learn, use `early_stopping_rounds` in constructor or`set_params` instead.
  warnings.warn(
C:\Users\PC\anaconda3\envs\smoker-ml\lib\site-packages\xgboost\sklearn.py:889: UserWarning: `eval_metric` in `fit` method is deprecated for better compatibility with scikit-learn, use `eval_metric` in constructor or`set_params` instead.
  warnings.warn(
C:\Users\PC\anaconda3\envs\smoker-ml\lib\site-packages\xgboost\sklearn.py:889: UserWarning: `early_stopping_rounds` in `fit` method is deprecated for better compatibility with scikit-learn, use `early_stopping_rounds` in constructor or`set_params` instead.
  warnings.warn(
[32m[I 2025-05-27 00:32:36,033][0m Trial 11 finished with value: 0.8754195391111068 and parameters: {'n_estimators': 1430, 'learning_rate': 0.02249305173065031, 'max_depth': 8, 'subsample': 0.7213021431075652, 'colsample_bytree': 0.767578471012187, 'gamma': 1.1291014902367054, 'min_child_weight': 3}. Best is trial 4 with value: 0.8788189902113.[0m
C:\Users\PC\anaconda3\envs\smoker-ml\lib\site-packages\xgboost\sklearn.py:889: UserWarning: `eval_metric` in `fit` method is deprecated for better compatibility with scikit-learn, use `eval_metric` in constructor or`set_params` instead.
  warnings.warn(
C:\Users\PC\anaconda3\envs\smoker-ml\lib\site-packages\xgboost\sklearn.py:889: UserWarning: `early_stopping_rounds` in `fit` method is deprecated for better compatibility with scikit-learn, use `early_stopping_rounds` in constructor or`set_params` instead.
  warnings.warn(
C:\Users\PC\anaconda3\envs\smoker-ml\lib\site-packages\xgboost\sklearn.py:889: UserWarning: `eval_metric` in `fit` method is deprecated for better compatibility with scikit-learn, use `eval_metric` in constructor or`set_params` instead.
  warnings.warn(
C:\Users\PC\anaconda3\envs\smoker-ml\lib\site-packages\xgboost\sklearn.py:889: UserWarning: `early_stopping_rounds` in `fit` method is deprecated for better compatibility with scikit-learn, use `early_stopping_rounds` in constructor or`set_params` instead.
  warnings.warn(
C:\Users\PC\anaconda3\envs\smoker-ml\lib\site-packages\xgboost\sklearn.py:889: UserWarning: `eval_metric` in `fit` method is deprecated for better compatibility with scikit-learn, use `eval_metric` in constructor or`set_params` instead.
  warnings.warn(
C:\Users\PC\anaconda3\envs\smoker-ml\lib\site-packages\xgboost\sklearn.py:889: UserWarning: `early_stopping_rounds` in `fit` method is deprecated for better compatibility with scikit-learn, use `early_stopping_rounds` in constructor or`set_params` instead.
  warnings.warn(
[32m[I 2025-05-27 00:32:44,450][0m Trial 12 finished with value: 0.873597882446191 and parameters: {'n_estimators': 1352, 'learning_rate': 0.07602232151674429, 'max_depth': 12, 'subsample': 0.652747285622588, 'colsample_bytree': 0.7362081658202259, 'gamma': 1.2229582038409228, 'min_child_weight': 4}. Best is trial 4 with value: 0.8788189902113.[0m
C:\Users\PC\anaconda3\envs\smoker-ml\lib\site-packages\xgboost\sklearn.py:889: UserWarning: `eval_metric` in `fit` method is deprecated for better compatibility with scikit-learn, use `eval_metric` in constructor or`set_params` instead.
  warnings.warn(
C:\Users\PC\anaconda3\envs\smoker-ml\lib\site-packages\xgboost\sklearn.py:889: UserWarning: `early_stopping_rounds` in `fit` method is deprecated for better compatibility with scikit-learn, use `early_stopping_rounds` in constructor or`set_params` instead.
  warnings.warn(
C:\Users\PC\anaconda3\envs\smoker-ml\lib\site-packages\xgboost\sklearn.py:889: UserWarning: `eval_metric` in `fit` method is deprecated for better compatibility with scikit-learn, use `eval_metric` in constructor or`set_params` instead.
  warnings.warn(
C:\Users\PC\anaconda3\envs\smoker-ml\lib\site-packages\xgboost\sklearn.py:889: UserWarning: `early_stopping_rounds` in `fit` method is deprecated for better compatibility with scikit-learn, use `early_stopping_rounds` in constructor or`set_params` instead.
  warnings.warn(
C:\Users\PC\anaconda3\envs\smoker-ml\lib\site-packages\xgboost\sklearn.py:889: UserWarning: `eval_metric` in `fit` method is deprecated for better compatibility with scikit-learn, use `eval_metric` in constructor or`set_params` instead.
  warnings.warn(
C:\Users\PC\anaconda3\envs\smoker-ml\lib\site-packages\xgboost\sklearn.py:889: UserWarning: `early_stopping_rounds` in `fit` method is deprecated for better compatibility with scikit-learn, use `early_stopping_rounds` in constructor or`set_params` instead.
  warnings.warn(
[32m[I 2025-05-27 00:33:23,886][0m Trial 13 finished with value: 0.8818819143257041 and parameters: {'n_estimators': 1678, 'learning_rate': 0.029746968721625792, 'max_depth': 9, 'subsample': 0.7508865707809311, 'colsample_bytree': 0.8397558387442537, 'gamma': 0.09265649496200679, 'min_child_weight': 1}. Best is trial 13 with value: 0.8818819143257041.[0m
C:\Users\PC\anaconda3\envs\smoker-ml\lib\site-packages\xgboost\sklearn.py:889: UserWarning: `eval_metric` in `fit` method is deprecated for better compatibility with scikit-learn, use `eval_metric` in constructor or`set_params` instead.
  warnings.warn(
C:\Users\PC\anaconda3\envs\smoker-ml\lib\site-packages\xgboost\sklearn.py:889: UserWarning: `early_stopping_rounds` in `fit` method is deprecated for better compatibility with scikit-learn, use `early_stopping_rounds` in constructor or`set_params` instead.
  warnings.warn(
C:\Users\PC\anaconda3\envs\smoker-ml\lib\site-packages\xgboost\sklearn.py:889: UserWarning: `eval_metric` in `fit` method is deprecated for better compatibility with scikit-learn, use `eval_metric` in constructor or`set_params` instead.
  warnings.warn(
C:\Users\PC\anaconda3\envs\smoker-ml\lib\site-packages\xgboost\sklearn.py:889: UserWarning: `early_stopping_rounds` in `fit` method is deprecated for better compatibility with scikit-learn, use `early_stopping_rounds` in constructor or`set_params` instead.
  warnings.warn(
C:\Users\PC\anaconda3\envs\smoker-ml\lib\site-packages\xgboost\sklearn.py:889: UserWarning: `eval_metric` in `fit` method is deprecated for better compatibility with scikit-learn, use `eval_metric` in constructor or`set_params` instead.
  warnings.warn(
C:\Users\PC\anaconda3\envs\smoker-ml\lib\site-packages\xgboost\sklearn.py:889: UserWarning: `early_stopping_rounds` in `fit` method is deprecated for better compatibility with scikit-learn, use `early_stopping_rounds` in constructor or`set_params` instead.
  warnings.warn(
[32m[I 2025-05-27 00:33:53,442][0m Trial 14 finished with value: 0.8775947596830075 and parameters: {'n_estimators': 1698, 'learning_rate': 0.0644167211511841, 'max_depth': 7, 'subsample': 0.7797328837939242, 'colsample_bytree': 0.8421248445955505, 'gamma': 0.002771514799525421, 'min_child_weight': 1}. Best is trial 13 with value: 0.8818819143257041.[0m
C:\Users\PC\anaconda3\envs\smoker-ml\lib\site-packages\xgboost\sklearn.py:889: UserWarning: `eval_metric` in `fit` method is deprecated for better compatibility with scikit-learn, use `eval_metric` in constructor or`set_params` instead.
  warnings.warn(
C:\Users\PC\anaconda3\envs\smoker-ml\lib\site-packages\xgboost\sklearn.py:889: UserWarning: `early_stopping_rounds` in `fit` method is deprecated for better compatibility with scikit-learn, use `early_stopping_rounds` in constructor or`set_params` instead.
  warnings.warn(
C:\Users\PC\anaconda3\envs\smoker-ml\lib\site-packages\xgboost\sklearn.py:889: UserWarning: `eval_metric` in `fit` method is deprecated for better compatibility with scikit-learn, use `eval_metric` in constructor or`set_params` instead.
  warnings.warn(
C:\Users\PC\anaconda3\envs\smoker-ml\lib\site-packages\xgboost\sklearn.py:889: UserWarning: `early_stopping_rounds` in `fit` method is deprecated for better compatibility with scikit-learn, use `early_stopping_rounds` in constructor or`set_params` instead.
  warnings.warn(
C:\Users\PC\anaconda3\envs\smoker-ml\lib\site-packages\xgboost\sklearn.py:889: UserWarning: `eval_metric` in `fit` method is deprecated for better compatibility with scikit-learn, use `eval_metric` in constructor or`set_params` instead.
  warnings.warn(
C:\Users\PC\anaconda3\envs\smoker-ml\lib\site-packages\xgboost\sklearn.py:889: UserWarning: `early_stopping_rounds` in `fit` method is deprecated for better compatibility with scikit-learn, use `early_stopping_rounds` in constructor or`set_params` instead.
  warnings.warn(
[32m[I 2025-05-27 00:34:21,234][0m Trial 15 finished with value: 0.8749537988870433 and parameters: {'n_estimators': 1660, 'learning_rate': 0.01230916506979748, 'max_depth': 12, 'subsample': 0.9360965056880592, 'colsample_bytree': 0.8271141663526768, 'gamma': 1.2785769191652978, 'min_child_weight': 3}. Best is trial 13 with value: 0.8818819143257041.[0m
C:\Users\PC\anaconda3\envs\smoker-ml\lib\site-packages\xgboost\sklearn.py:889: UserWarning: `eval_metric` in `fit` method is deprecated for better compatibility with scikit-learn, use `eval_metric` in constructor or`set_params` instead.
  warnings.warn(
C:\Users\PC\anaconda3\envs\smoker-ml\lib\site-packages\xgboost\sklearn.py:889: UserWarning: `early_stopping_rounds` in `fit` method is deprecated for better compatibility with scikit-learn, use `early_stopping_rounds` in constructor or`set_params` instead.
  warnings.warn(
C:\Users\PC\anaconda3\envs\smoker-ml\lib\site-packages\xgboost\sklearn.py:889: UserWarning: `eval_metric` in `fit` method is deprecated for better compatibility with scikit-learn, use `eval_metric` in constructor or`set_params` instead.
  warnings.warn(
C:\Users\PC\anaconda3\envs\smoker-ml\lib\site-packages\xgboost\sklearn.py:889: UserWarning: `early_stopping_rounds` in `fit` method is deprecated for better compatibility with scikit-learn, use `early_stopping_rounds` in constructor or`set_params` instead.
  warnings.warn(
C:\Users\PC\anaconda3\envs\smoker-ml\lib\site-packages\xgboost\sklearn.py:889: UserWarning: `eval_metric` in `fit` method is deprecated for better compatibility with scikit-learn, use `eval_metric` in constructor or`set_params` instead.
  warnings.warn(
C:\Users\PC\anaconda3\envs\smoker-ml\lib\site-packages\xgboost\sklearn.py:889: UserWarning: `early_stopping_rounds` in `fit` method is deprecated for better compatibility with scikit-learn, use `early_stopping_rounds` in constructor or`set_params` instead.
  warnings.warn(
[32m[I 2025-05-27 00:34:39,022][0m Trial 16 finished with value: 0.8678134816460933 and parameters: {'n_estimators': 1678, 'learning_rate': 0.028867110668554803, 'max_depth': 9, 'subsample': 0.908750886737978, 'colsample_bytree': 0.7277947088186243, 'gamma': 1.6535596910622763, 'min_child_weight': 7}. Best is trial 13 with value: 0.8818819143257041.[0m
C:\Users\PC\anaconda3\envs\smoker-ml\lib\site-packages\xgboost\sklearn.py:889: UserWarning: `eval_metric` in `fit` method is deprecated for better compatibility with scikit-learn, use `eval_metric` in constructor or`set_params` instead.
  warnings.warn(
C:\Users\PC\anaconda3\envs\smoker-ml\lib\site-packages\xgboost\sklearn.py:889: UserWarning: `early_stopping_rounds` in `fit` method is deprecated for better compatibility with scikit-learn, use `early_stopping_rounds` in constructor or`set_params` instead.
  warnings.warn(
C:\Users\PC\anaconda3\envs\smoker-ml\lib\site-packages\xgboost\sklearn.py:889: UserWarning: `eval_metric` in `fit` method is deprecated for better compatibility with scikit-learn, use `eval_metric` in constructor or`set_params` instead.
  warnings.warn(
C:\Users\PC\anaconda3\envs\smoker-ml\lib\site-packages\xgboost\sklearn.py:889: UserWarning: `early_stopping_rounds` in `fit` method is deprecated for better compatibility with scikit-learn, use `early_stopping_rounds` in constructor or`set_params` instead.
  warnings.warn(
C:\Users\PC\anaconda3\envs\smoker-ml\lib\site-packages\xgboost\sklearn.py:889: UserWarning: `eval_metric` in `fit` method is deprecated for better compatibility with scikit-learn, use `eval_metric` in constructor or`set_params` instead.
  warnings.warn(
C:\Users\PC\anaconda3\envs\smoker-ml\lib\site-packages\xgboost\sklearn.py:889: UserWarning: `early_stopping_rounds` in `fit` method is deprecated for better compatibility with scikit-learn, use `early_stopping_rounds` in constructor or`set_params` instead.
  warnings.warn(
[32m[I 2025-05-27 00:35:10,088][0m Trial 17 finished with value: 0.8735249625761409 and parameters: {'n_estimators': 1923, 'learning_rate': 0.040111760239882346, 'max_depth': 7, 'subsample': 0.6006083744414484, 'colsample_bytree': 0.8250705757317123, 'gamma': 0.6012905067492791, 'min_child_weight': 4}. Best is trial 13 with value: 0.8818819143257041.[0m
C:\Users\PC\anaconda3\envs\smoker-ml\lib\site-packages\xgboost\sklearn.py:889: UserWarning: `eval_metric` in `fit` method is deprecated for better compatibility with scikit-learn, use `eval_metric` in constructor or`set_params` instead.
  warnings.warn(
C:\Users\PC\anaconda3\envs\smoker-ml\lib\site-packages\xgboost\sklearn.py:889: UserWarning: `early_stopping_rounds` in `fit` method is deprecated for better compatibility with scikit-learn, use `early_stopping_rounds` in constructor or`set_params` instead.
  warnings.warn(
C:\Users\PC\anaconda3\envs\smoker-ml\lib\site-packages\xgboost\sklearn.py:889: UserWarning: `eval_metric` in `fit` method is deprecated for better compatibility with scikit-learn, use `eval_metric` in constructor or`set_params` instead.
  warnings.warn(
C:\Users\PC\anaconda3\envs\smoker-ml\lib\site-packages\xgboost\sklearn.py:889: UserWarning: `early_stopping_rounds` in `fit` method is deprecated for better compatibility with scikit-learn, use `early_stopping_rounds` in constructor or`set_params` instead.
  warnings.warn(
C:\Users\PC\anaconda3\envs\smoker-ml\lib\site-packages\xgboost\sklearn.py:889: UserWarning: `eval_metric` in `fit` method is deprecated for better compatibility with scikit-learn, use `eval_metric` in constructor or`set_params` instead.
  warnings.warn(
C:\Users\PC\anaconda3\envs\smoker-ml\lib\site-packages\xgboost\sklearn.py:889: UserWarning: `early_stopping_rounds` in `fit` method is deprecated for better compatibility with scikit-learn, use `early_stopping_rounds` in constructor or`set_params` instead.
  warnings.warn(
[32m[I 2025-05-27 00:35:19,784][0m Trial 18 finished with value: 0.8675005618982214 and parameters: {'n_estimators': 1262, 'learning_rate': 0.06588807372516031, 'max_depth': 9, 'subsample': 0.7765001995769991, 'colsample_bytree': 0.997417121630346, 'gamma': 2.675265948061476, 'min_child_weight': 1}. Best is trial 13 with value: 0.8818819143257041.[0m
C:\Users\PC\anaconda3\envs\smoker-ml\lib\site-packages\xgboost\sklearn.py:889: UserWarning: `eval_metric` in `fit` method is deprecated for better compatibility with scikit-learn, use `eval_metric` in constructor or`set_params` instead.
  warnings.warn(
C:\Users\PC\anaconda3\envs\smoker-ml\lib\site-packages\xgboost\sklearn.py:889: UserWarning: `early_stopping_rounds` in `fit` method is deprecated for better compatibility with scikit-learn, use `early_stopping_rounds` in constructor or`set_params` instead.
  warnings.warn(
C:\Users\PC\anaconda3\envs\smoker-ml\lib\site-packages\xgboost\sklearn.py:889: UserWarning: `eval_metric` in `fit` method is deprecated for better compatibility with scikit-learn, use `eval_metric` in constructor or`set_params` instead.
  warnings.warn(
C:\Users\PC\anaconda3\envs\smoker-ml\lib\site-packages\xgboost\sklearn.py:889: UserWarning: `early_stopping_rounds` in `fit` method is deprecated for better compatibility with scikit-learn, use `early_stopping_rounds` in constructor or`set_params` instead.
  warnings.warn(
C:\Users\PC\anaconda3\envs\smoker-ml\lib\site-packages\xgboost\sklearn.py:889: UserWarning: `eval_metric` in `fit` method is deprecated for better compatibility with scikit-learn, use `eval_metric` in constructor or`set_params` instead.
  warnings.warn(
C:\Users\PC\anaconda3\envs\smoker-ml\lib\site-packages\xgboost\sklearn.py:889: UserWarning: `early_stopping_rounds` in `fit` method is deprecated for better compatibility with scikit-learn, use `early_stopping_rounds` in constructor or`set_params` instead.
  warnings.warn(
[32m[I 2025-05-27 00:35:52,631][0m Trial 19 finished with value: 0.8790899204144189 and parameters: {'n_estimators': 1569, 'learning_rate': 0.022753920423571924, 'max_depth': 10, 'subsample': 0.6962779548904297, 'colsample_bytree': 0.6205727883626684, 'gamma': 0.796634980756814, 'min_child_weight': 3}. Best is trial 13 with value: 0.8818819143257041.[0m
C:\Users\PC\anaconda3\envs\smoker-ml\lib\site-packages\xgboost\sklearn.py:889: UserWarning: `eval_metric` in `fit` method is deprecated for better compatibility with scikit-learn, use `eval_metric` in constructor or`set_params` instead.
  warnings.warn(
C:\Users\PC\anaconda3\envs\smoker-ml\lib\site-packages\xgboost\sklearn.py:889: UserWarning: `early_stopping_rounds` in `fit` method is deprecated for better compatibility with scikit-learn, use `early_stopping_rounds` in constructor or`set_params` instead.
  warnings.warn(
C:\Users\PC\anaconda3\envs\smoker-ml\lib\site-packages\xgboost\sklearn.py:889: UserWarning: `eval_metric` in `fit` method is deprecated for better compatibility with scikit-learn, use `eval_metric` in constructor or`set_params` instead.
  warnings.warn(
C:\Users\PC\anaconda3\envs\smoker-ml\lib\site-packages\xgboost\sklearn.py:889: UserWarning: `early_stopping_rounds` in `fit` method is deprecated for better compatibility with scikit-learn, use `early_stopping_rounds` in constructor or`set_params` instead.
  warnings.warn(
C:\Users\PC\anaconda3\envs\smoker-ml\lib\site-packages\xgboost\sklearn.py:889: UserWarning: `eval_metric` in `fit` method is deprecated for better compatibility with scikit-learn, use `eval_metric` in constructor or`set_params` instead.
  warnings.warn(
C:\Users\PC\anaconda3\envs\smoker-ml\lib\site-packages\xgboost\sklearn.py:889: UserWarning: `early_stopping_rounds` in `fit` method is deprecated for better compatibility with scikit-learn, use `early_stopping_rounds` in constructor or`set_params` instead.
  warnings.warn(
[32m[I 2025-05-27 00:36:25,358][0m Trial 20 finished with value: 0.8730046986247362 and parameters: {'n_estimators': 1812, 'learning_rate': 0.020590938373845194, 'max_depth': 10, 'subsample': 0.6740633189068261, 'colsample_bytree': 0.6049555262671049, 'gamma': 1.818013664956034, 'min_child_weight': 6}. Best is trial 13 with value: 0.8818819143257041.[0m
C:\Users\PC\anaconda3\envs\smoker-ml\lib\site-packages\xgboost\sklearn.py:889: UserWarning: `eval_metric` in `fit` method is deprecated for better compatibility with scikit-learn, use `eval_metric` in constructor or`set_params` instead.
  warnings.warn(
C:\Users\PC\anaconda3\envs\smoker-ml\lib\site-packages\xgboost\sklearn.py:889: UserWarning: `early_stopping_rounds` in `fit` method is deprecated for better compatibility with scikit-learn, use `early_stopping_rounds` in constructor or`set_params` instead.
  warnings.warn(
C:\Users\PC\anaconda3\envs\smoker-ml\lib\site-packages\xgboost\sklearn.py:889: UserWarning: `eval_metric` in `fit` method is deprecated for better compatibility with scikit-learn, use `eval_metric` in constructor or`set_params` instead.
  warnings.warn(
C:\Users\PC\anaconda3\envs\smoker-ml\lib\site-packages\xgboost\sklearn.py:889: UserWarning: `early_stopping_rounds` in `fit` method is deprecated for better compatibility with scikit-learn, use `early_stopping_rounds` in constructor or`set_params` instead.
  warnings.warn(
C:\Users\PC\anaconda3\envs\smoker-ml\lib\site-packages\xgboost\sklearn.py:889: UserWarning: `eval_metric` in `fit` method is deprecated for better compatibility with scikit-learn, use `eval_metric` in constructor or`set_params` instead.
  warnings.warn(
C:\Users\PC\anaconda3\envs\smoker-ml\lib\site-packages\xgboost\sklearn.py:889: UserWarning: `early_stopping_rounds` in `fit` method is deprecated for better compatibility with scikit-learn, use `early_stopping_rounds` in constructor or`set_params` instead.
  warnings.warn(
